{
  "/Users/ouyangcheng/Workspace/github/runapi/packages/runapi-requestor/src/index.ts": {
    "path": "/Users/ouyangcheng/Workspace/github/runapi/packages/runapi-requestor/src/index.ts",
    "statementMap": {
      "0": { "start": { "line": 1, "column": 0 }, "end": { "line": 1, "column": 25 } },
      "1": { "start": { "line": 2, "column": 0 }, "end": { "line": 2, "column": 43 } },
      "2": { "start": { "line": 3, "column": 0 }, "end": { "line": 3, "column": 43 } },
      "3": { "start": { "line": 4, "column": 0 }, "end": { "line": 4, "column": 42 } },
      "4": { "start": { "line": 5, "column": 0 }, "end": { "line": 5, "column": 42 } },
      "5": { "start": { "line": 6, "column": 0 }, "end": { "line": 6, "column": 43 } },
      "6": { "start": { "line": 7, "column": 0 }, "end": { "line": 7, "column": 38 } },
      "7": { "start": { "line": 8, "column": 0 }, "end": { "line": 8, "column": 28 } }
    },
    "fnMap": {},
    "branchMap": {},
    "s": { "0": 1, "1": 1, "2": 1, "3": 1, "4": 1, "5": 1, "6": 1, "7": 1 },
    "f": {},
    "b": {}
  },
  "/Users/ouyangcheng/Workspace/github/runapi/packages/runapi-requestor/src/context/request-context.ts": {
    "path": "/Users/ouyangcheng/Workspace/github/runapi/packages/runapi-requestor/src/context/request-context.ts",
    "statementMap": {
      "0": { "start": { "line": 1, "column": 0 }, "end": { "line": 1, "column": 83 } },
      "1": { "start": { "line": 22, "column": 0 }, "end": { "line": 22, "column": 13 } },
      "2": { "start": { "line": 30, "column": 2 }, "end": { "line": 30, "column": 32 } },
      "3": { "start": { "line": 110, "column": 4 }, "end": { "line": 110, "column": 34 } },
      "4": { "start": { "line": 111, "column": 4 }, "end": { "line": 111, "column": 28 } },
      "5": { "start": { "line": 112, "column": 4 }, "end": { "line": 112, "column": 41 } },
      "6": { "start": { "line": 113, "column": 4 }, "end": { "line": 113, "column": 34 } },
      "7": { "start": { "line": 114, "column": 4 }, "end": { "line": 114, "column": 42 } },
      "8": { "start": { "line": 115, "column": 4 }, "end": { "line": 115, "column": 32 } },
      "9": { "start": { "line": 116, "column": 4 }, "end": { "line": 116, "column": 30 } },
      "10": { "start": { "line": 117, "column": 4 }, "end": { "line": 117, "column": 28 } },
      "11": { "start": { "line": 118, "column": 4 }, "end": { "line": 118, "column": 36 } },
      "12": { "start": { "line": 119, "column": 4 }, "end": { "line": 119, "column": 28 } },
      "13": { "start": { "line": 120, "column": 4 }, "end": { "line": 120, "column": 30 } },
      "14": { "start": { "line": 121, "column": 4 }, "end": { "line": 121, "column": 34 } },
      "15": { "start": { "line": 122, "column": 4 }, "end": { "line": 122, "column": 32 } },
      "16": { "start": { "line": 123, "column": 4 }, "end": { "line": 123, "column": 32 } },
      "17": { "start": { "line": 72, "column": 2 }, "end": { "line": 74, "column": null } },
      "18": { "start": { "line": 73, "column": 4 }, "end": { "line": 73, "column": 53 } },
      "19": { "start": { "line": 77, "column": 2 }, "end": { "line": 79, "column": null } },
      "20": { "start": { "line": 78, "column": 4 }, "end": { "line": 78, "column": 55 } },
      "21": { "start": { "line": 82, "column": 2 }, "end": { "line": 84, "column": null } },
      "22": { "start": { "line": 83, "column": 4 }, "end": { "line": 83, "column": 43 } },
      "23": { "start": { "line": 87, "column": 2 }, "end": { "line": 89, "column": null } },
      "24": { "start": { "line": 88, "column": 4 }, "end": { "line": 88, "column": 44 } },
      "25": { "start": { "line": 127, "column": 2 }, "end": { "line": 130, "column": null } },
      "26": { "start": { "line": 128, "column": 4 }, "end": { "line": 128, "column": 27 } },
      "27": { "start": { "line": 129, "column": 4 }, "end": { "line": 129, "column": 16 } },
      "28": { "start": { "line": 133, "column": 2 }, "end": { "line": 136, "column": null } },
      "29": { "start": { "line": 134, "column": 4 }, "end": { "line": 134, "column": 21 } },
      "30": { "start": { "line": 135, "column": 4 }, "end": { "line": 135, "column": 16 } },
      "31": { "start": { "line": 139, "column": 2 }, "end": { "line": 142, "column": null } },
      "32": { "start": { "line": 140, "column": 4 }, "end": { "line": 140, "column": 25 } },
      "33": { "start": { "line": 141, "column": 4 }, "end": { "line": 141, "column": 16 } },
      "34": { "start": { "line": 145, "column": 2 }, "end": { "line": 148, "column": null } },
      "35": { "start": { "line": 146, "column": 4 }, "end": { "line": 146, "column": 27 } },
      "36": { "start": { "line": 147, "column": 4 }, "end": { "line": 147, "column": 16 } },
      "37": { "start": { "line": 151, "column": 2 }, "end": { "line": 154, "column": null } },
      "38": { "start": { "line": 152, "column": 4 }, "end": { "line": 152, "column": 35 } },
      "39": { "start": { "line": 153, "column": 4 }, "end": { "line": 153, "column": 16 } },
      "40": { "start": { "line": 157, "column": 2 }, "end": { "line": 160, "column": null } },
      "41": { "start": { "line": 158, "column": 4 }, "end": { "line": 158, "column": 25 } },
      "42": { "start": { "line": 159, "column": 4 }, "end": { "line": 159, "column": 16 } },
      "43": { "start": { "line": 163, "column": 2 }, "end": { "line": 166, "column": null } },
      "44": { "start": { "line": 164, "column": 4 }, "end": { "line": 164, "column": 23 } },
      "45": { "start": { "line": 165, "column": 4 }, "end": { "line": 165, "column": 16 } },
      "46": { "start": { "line": 169, "column": 2 }, "end": { "line": 172, "column": null } },
      "47": { "start": { "line": 170, "column": 4 }, "end": { "line": 170, "column": 21 } },
      "48": { "start": { "line": 171, "column": 4 }, "end": { "line": 171, "column": 16 } },
      "49": { "start": { "line": 175, "column": 2 }, "end": { "line": 178, "column": null } },
      "50": { "start": { "line": 176, "column": 4 }, "end": { "line": 176, "column": 29 } },
      "51": { "start": { "line": 177, "column": 4 }, "end": { "line": 177, "column": 16 } },
      "52": { "start": { "line": 181, "column": 2 }, "end": { "line": 184, "column": null } },
      "53": { "start": { "line": 182, "column": 4 }, "end": { "line": 182, "column": 21 } },
      "54": { "start": { "line": 183, "column": 4 }, "end": { "line": 183, "column": 16 } },
      "55": { "start": { "line": 187, "column": 2 }, "end": { "line": 190, "column": null } },
      "56": { "start": { "line": 188, "column": 4 }, "end": { "line": 188, "column": 23 } },
      "57": { "start": { "line": 189, "column": 4 }, "end": { "line": 189, "column": 16 } },
      "58": { "start": { "line": 193, "column": 2 }, "end": { "line": 196, "column": null } },
      "59": { "start": { "line": 194, "column": 4 }, "end": { "line": 194, "column": 27 } },
      "60": { "start": { "line": 195, "column": 4 }, "end": { "line": 195, "column": 16 } },
      "61": { "start": { "line": 199, "column": 2 }, "end": { "line": 202, "column": null } },
      "62": { "start": { "line": 200, "column": 4 }, "end": { "line": 200, "column": 25 } },
      "63": { "start": { "line": 201, "column": 4 }, "end": { "line": 201, "column": 16 } },
      "64": { "start": { "line": 205, "column": 2 }, "end": { "line": 208, "column": null } },
      "65": { "start": { "line": 206, "column": 4 }, "end": { "line": 206, "column": 25 } },
      "66": { "start": { "line": 207, "column": 4 }, "end": { "line": 207, "column": 16 } },
      "67": { "start": { "line": 211, "column": 2 }, "end": { "line": 213, "column": null } },
      "68": { "start": { "line": 212, "column": 4 }, "end": { "line": 212, "column": 35 } },
      "69": { "start": { "line": 216, "column": 2 }, "end": { "line": 232, "column": null } },
      "70": { "start": { "line": 217, "column": 4 }, "end": { "line": 231, "column": 47 } },
      "71": { "start": { "line": 233, "column": 0 }, "end": { "line": 233, "column": null } },
      "72": { "start": { "line": 22, "column": 13 }, "end": { "line": 22, "column": 27 } }
    },
    "fnMap": {
      "0": {
        "name": "(anonymous_0)",
        "decl": { "start": { "line": 22, "column": 0 }, "end": { "line": 22, "column": 13 } },
        "loc": { "start": { "line": 22, "column": 0 }, "end": { "line": 233, "column": null } }
      },
      "1": {
        "name": "RequestContext",
        "decl": { "start": { "line": 91, "column": 2 }, "end": { "line": 91, "column": null } },
        "loc": { "start": { "line": 108, "column": 5 }, "end": { "line": 124, "column": 3 } }
      },
      "2": {
        "name": "(anonymous_2)",
        "decl": { "start": { "line": 72, "column": 2 }, "end": { "line": 72, "column": 6 } },
        "loc": { "start": { "line": 72, "column": 2 }, "end": { "line": 74, "column": 3 } }
      },
      "3": {
        "name": "(anonymous_3)",
        "decl": { "start": { "line": 77, "column": 2 }, "end": { "line": 77, "column": 6 } },
        "loc": { "start": { "line": 77, "column": 2 }, "end": { "line": 79, "column": 3 } }
      },
      "4": {
        "name": "(anonymous_4)",
        "decl": { "start": { "line": 82, "column": 2 }, "end": { "line": 82, "column": 6 } },
        "loc": { "start": { "line": 82, "column": 2 }, "end": { "line": 84, "column": 3 } }
      },
      "5": {
        "name": "(anonymous_5)",
        "decl": { "start": { "line": 87, "column": 2 }, "end": { "line": 87, "column": 6 } },
        "loc": { "start": { "line": 87, "column": 2 }, "end": { "line": 89, "column": 3 } }
      },
      "6": {
        "name": "(anonymous_6)",
        "decl": { "start": { "line": 127, "column": 2 }, "end": { "line": 127, "column": 12 } },
        "loc": { "start": { "line": 127, "column": 47 }, "end": { "line": 130, "column": 3 } }
      },
      "7": {
        "name": "(anonymous_7)",
        "decl": { "start": { "line": 133, "column": 2 }, "end": { "line": 133, "column": 9 } },
        "loc": { "start": { "line": 133, "column": 38 }, "end": { "line": 136, "column": 3 } }
      },
      "8": {
        "name": "(anonymous_8)",
        "decl": { "start": { "line": 139, "column": 2 }, "end": { "line": 139, "column": 11 } },
        "loc": { "start": { "line": 139, "column": 44 }, "end": { "line": 142, "column": 3 } }
      },
      "9": {
        "name": "(anonymous_9)",
        "decl": { "start": { "line": 145, "column": 2 }, "end": { "line": 145, "column": 12 } },
        "loc": { "start": { "line": 145, "column": 47 }, "end": { "line": 148, "column": 3 } }
      },
      "10": {
        "name": "(anonymous_10)",
        "decl": { "start": { "line": 151, "column": 2 }, "end": { "line": 151, "column": 16 } },
        "loc": { "start": { "line": 151, "column": 59 }, "end": { "line": 154, "column": 3 } }
      },
      "11": {
        "name": "(anonymous_11)",
        "decl": { "start": { "line": 157, "column": 2 }, "end": { "line": 157, "column": 11 } },
        "loc": { "start": { "line": 157, "column": 44 }, "end": { "line": 160, "column": 3 } }
      },
      "12": {
        "name": "(anonymous_12)",
        "decl": { "start": { "line": 163, "column": 2 }, "end": { "line": 163, "column": 10 } },
        "loc": { "start": { "line": 163, "column": 41 }, "end": { "line": 166, "column": 3 } }
      },
      "13": {
        "name": "(anonymous_13)",
        "decl": { "start": { "line": 169, "column": 2 }, "end": { "line": 169, "column": 9 } },
        "loc": { "start": { "line": 169, "column": 38 }, "end": { "line": 172, "column": 3 } }
      },
      "14": {
        "name": "(anonymous_14)",
        "decl": { "start": { "line": 175, "column": 2 }, "end": { "line": 175, "column": 13 } },
        "loc": { "start": { "line": 175, "column": 50 }, "end": { "line": 178, "column": 3 } }
      },
      "15": {
        "name": "(anonymous_15)",
        "decl": { "start": { "line": 181, "column": 2 }, "end": { "line": 181, "column": 9 } },
        "loc": { "start": { "line": 181, "column": 38 }, "end": { "line": 184, "column": 3 } }
      },
      "16": {
        "name": "(anonymous_16)",
        "decl": { "start": { "line": 187, "column": 2 }, "end": { "line": 187, "column": 10 } },
        "loc": { "start": { "line": 187, "column": 41 }, "end": { "line": 190, "column": 3 } }
      },
      "17": {
        "name": "(anonymous_17)",
        "decl": { "start": { "line": 193, "column": 2 }, "end": { "line": 193, "column": 12 } },
        "loc": { "start": { "line": 193, "column": 47 }, "end": { "line": 196, "column": 3 } }
      },
      "18": {
        "name": "(anonymous_18)",
        "decl": { "start": { "line": 199, "column": 2 }, "end": { "line": 199, "column": 11 } },
        "loc": { "start": { "line": 199, "column": 44 }, "end": { "line": 202, "column": 3 } }
      },
      "19": {
        "name": "(anonymous_19)",
        "decl": { "start": { "line": 205, "column": 2 }, "end": { "line": 205, "column": 11 } },
        "loc": { "start": { "line": 205, "column": 44 }, "end": { "line": 208, "column": 3 } }
      },
      "20": {
        "name": "(anonymous_20)",
        "decl": { "start": { "line": 211, "column": 2 }, "end": { "line": 211, "column": 6 } },
        "loc": { "start": { "line": 211, "column": 27 }, "end": { "line": 213, "column": 3 } }
      },
      "21": {
        "name": "(anonymous_21)",
        "decl": { "start": { "line": 216, "column": 2 }, "end": { "line": 216, "column": 7 } },
        "loc": { "start": { "line": 216, "column": 30 }, "end": { "line": 232, "column": 3 } }
      }
    },
    "branchMap": {
      "0": {
        "loc": { "start": { "line": 110, "column": 24 }, "end": { "line": 110, "column": 26 } },
        "type": "cond-expr",
        "locations": [
          { "start": { "line": 110, "column": 24 }, "end": { "line": 110, "column": 26 } },
          { "start": { "line": 110, "column": 19 }, "end": { "line": 110, "column": 33 } }
        ]
      },
      "1": {
        "loc": { "start": { "line": 110, "column": 19 }, "end": { "line": 110, "column": 26 } },
        "type": "binary-expr",
        "locations": [
          { "start": { "line": 110, "column": 19 }, "end": { "line": 110, "column": 26 } },
          { "start": { "line": 110, "column": 19 }, "end": { "line": 110, "column": 26 } }
        ]
      },
      "2": {
        "loc": { "start": { "line": 111, "column": 21 }, "end": { "line": 111, "column": 23 } },
        "type": "cond-expr",
        "locations": [
          { "start": { "line": 111, "column": 21 }, "end": { "line": 111, "column": 23 } },
          { "start": { "line": 111, "column": 16 }, "end": { "line": 111, "column": 27 } }
        ]
      },
      "3": {
        "loc": { "start": { "line": 111, "column": 16 }, "end": { "line": 111, "column": 23 } },
        "type": "binary-expr",
        "locations": [
          { "start": { "line": 111, "column": 16 }, "end": { "line": 111, "column": 23 } },
          { "start": { "line": 111, "column": 16 }, "end": { "line": 111, "column": 23 } }
        ]
      },
      "4": {
        "loc": { "start": { "line": 112, "column": 31 }, "end": { "line": 112, "column": 35 } },
        "type": "cond-expr",
        "locations": [
          { "start": { "line": 112, "column": 31 }, "end": { "line": 112, "column": 35 } },
          { "start": { "line": 112, "column": 35 }, "end": { "line": 112, "column": 40 } }
        ]
      },
      "5": {
        "loc": { "start": { "line": 112, "column": 18 }, "end": { "line": 112, "column": 35 } },
        "type": "binary-expr",
        "locations": [
          { "start": { "line": 112, "column": 18 }, "end": { "line": 112, "column": 35 } },
          { "start": { "line": 112, "column": 31 }, "end": { "line": 112, "column": 35 } }
        ]
      },
      "6": {
        "loc": { "start": { "line": 112, "column": 23 }, "end": { "line": 112, "column": 25 } },
        "type": "cond-expr",
        "locations": [
          { "start": { "line": 112, "column": 23 }, "end": { "line": 112, "column": 25 } },
          { "start": { "line": 112, "column": 18 }, "end": { "line": 112, "column": 31 } }
        ]
      },
      "7": {
        "loc": { "start": { "line": 112, "column": 18 }, "end": { "line": 112, "column": 25 } },
        "type": "binary-expr",
        "locations": [
          { "start": { "line": 112, "column": 18 }, "end": { "line": 112, "column": 25 } },
          { "start": { "line": 112, "column": 18 }, "end": { "line": 112, "column": 25 } }
        ]
      },
      "8": {
        "loc": { "start": { "line": 113, "column": 24 }, "end": { "line": 113, "column": 26 } },
        "type": "cond-expr",
        "locations": [
          { "start": { "line": 113, "column": 24 }, "end": { "line": 113, "column": 26 } },
          { "start": { "line": 113, "column": 19 }, "end": { "line": 113, "column": 33 } }
        ]
      },
      "9": {
        "loc": { "start": { "line": 113, "column": 19 }, "end": { "line": 113, "column": 26 } },
        "type": "binary-expr",
        "locations": [
          { "start": { "line": 113, "column": 19 }, "end": { "line": 113, "column": 26 } },
          { "start": { "line": 113, "column": 19 }, "end": { "line": 113, "column": 26 } }
        ]
      },
      "10": {
        "loc": { "start": { "line": 114, "column": 28 }, "end": { "line": 114, "column": 30 } },
        "type": "cond-expr",
        "locations": [
          { "start": { "line": 114, "column": 28 }, "end": { "line": 114, "column": 30 } },
          { "start": { "line": 114, "column": 23 }, "end": { "line": 114, "column": 41 } }
        ]
      },
      "11": {
        "loc": { "start": { "line": 114, "column": 23 }, "end": { "line": 114, "column": 30 } },
        "type": "binary-expr",
        "locations": [
          { "start": { "line": 114, "column": 23 }, "end": { "line": 114, "column": 30 } },
          { "start": { "line": 114, "column": 23 }, "end": { "line": 114, "column": 30 } }
        ]
      },
      "12": {
        "loc": { "start": { "line": 115, "column": 23 }, "end": { "line": 115, "column": 25 } },
        "type": "cond-expr",
        "locations": [
          { "start": { "line": 115, "column": 23 }, "end": { "line": 115, "column": 25 } },
          { "start": { "line": 115, "column": 18 }, "end": { "line": 115, "column": 31 } }
        ]
      },
      "13": {
        "loc": { "start": { "line": 115, "column": 18 }, "end": { "line": 115, "column": 25 } },
        "type": "binary-expr",
        "locations": [
          { "start": { "line": 115, "column": 18 }, "end": { "line": 115, "column": 25 } },
          { "start": { "line": 115, "column": 18 }, "end": { "line": 115, "column": 25 } }
        ]
      },
      "14": {
        "loc": { "start": { "line": 116, "column": 22 }, "end": { "line": 116, "column": 24 } },
        "type": "cond-expr",
        "locations": [
          { "start": { "line": 116, "column": 22 }, "end": { "line": 116, "column": 24 } },
          { "start": { "line": 116, "column": 17 }, "end": { "line": 116, "column": 29 } }
        ]
      },
      "15": {
        "loc": { "start": { "line": 116, "column": 17 }, "end": { "line": 116, "column": 24 } },
        "type": "binary-expr",
        "locations": [
          { "start": { "line": 116, "column": 17 }, "end": { "line": 116, "column": 24 } },
          { "start": { "line": 116, "column": 17 }, "end": { "line": 116, "column": 24 } }
        ]
      },
      "16": {
        "loc": { "start": { "line": 117, "column": 21 }, "end": { "line": 117, "column": 23 } },
        "type": "cond-expr",
        "locations": [
          { "start": { "line": 117, "column": 21 }, "end": { "line": 117, "column": 23 } },
          { "start": { "line": 117, "column": 16 }, "end": { "line": 117, "column": 27 } }
        ]
      },
      "17": {
        "loc": { "start": { "line": 117, "column": 16 }, "end": { "line": 117, "column": 23 } },
        "type": "binary-expr",
        "locations": [
          { "start": { "line": 117, "column": 16 }, "end": { "line": 117, "column": 23 } },
          { "start": { "line": 117, "column": 16 }, "end": { "line": 117, "column": 23 } }
        ]
      },
      "18": {
        "loc": { "start": { "line": 118, "column": 25 }, "end": { "line": 118, "column": 27 } },
        "type": "cond-expr",
        "locations": [
          { "start": { "line": 118, "column": 25 }, "end": { "line": 118, "column": 27 } },
          { "start": { "line": 118, "column": 20 }, "end": { "line": 118, "column": 35 } }
        ]
      },
      "19": {
        "loc": { "start": { "line": 118, "column": 20 }, "end": { "line": 118, "column": 27 } },
        "type": "binary-expr",
        "locations": [
          { "start": { "line": 118, "column": 20 }, "end": { "line": 118, "column": 27 } },
          { "start": { "line": 118, "column": 20 }, "end": { "line": 118, "column": 27 } }
        ]
      },
      "20": {
        "loc": { "start": { "line": 119, "column": 21 }, "end": { "line": 119, "column": 23 } },
        "type": "cond-expr",
        "locations": [
          { "start": { "line": 119, "column": 21 }, "end": { "line": 119, "column": 23 } },
          { "start": { "line": 119, "column": 16 }, "end": { "line": 119, "column": 27 } }
        ]
      },
      "21": {
        "loc": { "start": { "line": 119, "column": 16 }, "end": { "line": 119, "column": 23 } },
        "type": "binary-expr",
        "locations": [
          { "start": { "line": 119, "column": 16 }, "end": { "line": 119, "column": 23 } },
          { "start": { "line": 119, "column": 16 }, "end": { "line": 119, "column": 23 } }
        ]
      },
      "22": {
        "loc": { "start": { "line": 120, "column": 22 }, "end": { "line": 120, "column": 24 } },
        "type": "cond-expr",
        "locations": [
          { "start": { "line": 120, "column": 22 }, "end": { "line": 120, "column": 24 } },
          { "start": { "line": 120, "column": 17 }, "end": { "line": 120, "column": 29 } }
        ]
      },
      "23": {
        "loc": { "start": { "line": 120, "column": 17 }, "end": { "line": 120, "column": 24 } },
        "type": "binary-expr",
        "locations": [
          { "start": { "line": 120, "column": 17 }, "end": { "line": 120, "column": 24 } },
          { "start": { "line": 120, "column": 17 }, "end": { "line": 120, "column": 24 } }
        ]
      },
      "24": {
        "loc": { "start": { "line": 121, "column": 24 }, "end": { "line": 121, "column": 26 } },
        "type": "cond-expr",
        "locations": [
          { "start": { "line": 121, "column": 24 }, "end": { "line": 121, "column": 26 } },
          { "start": { "line": 121, "column": 19 }, "end": { "line": 121, "column": 33 } }
        ]
      },
      "25": {
        "loc": { "start": { "line": 121, "column": 19 }, "end": { "line": 121, "column": 26 } },
        "type": "binary-expr",
        "locations": [
          { "start": { "line": 121, "column": 19 }, "end": { "line": 121, "column": 26 } },
          { "start": { "line": 121, "column": 19 }, "end": { "line": 121, "column": 26 } }
        ]
      },
      "26": {
        "loc": { "start": { "line": 122, "column": 23 }, "end": { "line": 122, "column": 25 } },
        "type": "cond-expr",
        "locations": [
          { "start": { "line": 122, "column": 23 }, "end": { "line": 122, "column": 25 } },
          { "start": { "line": 122, "column": 18 }, "end": { "line": 122, "column": 31 } }
        ]
      },
      "27": {
        "loc": { "start": { "line": 122, "column": 18 }, "end": { "line": 122, "column": 25 } },
        "type": "binary-expr",
        "locations": [
          { "start": { "line": 122, "column": 18 }, "end": { "line": 122, "column": 25 } },
          { "start": { "line": 122, "column": 18 }, "end": { "line": 122, "column": 25 } }
        ]
      },
      "28": {
        "loc": { "start": { "line": 123, "column": 23 }, "end": { "line": 123, "column": 25 } },
        "type": "cond-expr",
        "locations": [
          { "start": { "line": 123, "column": 23 }, "end": { "line": 123, "column": 25 } },
          { "start": { "line": 123, "column": 18 }, "end": { "line": 123, "column": 31 } }
        ]
      },
      "29": {
        "loc": { "start": { "line": 123, "column": 18 }, "end": { "line": 123, "column": 25 } },
        "type": "binary-expr",
        "locations": [
          { "start": { "line": 123, "column": 18 }, "end": { "line": 123, "column": 25 } },
          { "start": { "line": 123, "column": 18 }, "end": { "line": 123, "column": 25 } }
        ]
      },
      "30": {
        "loc": { "start": { "line": 73, "column": 32 }, "end": { "line": 73, "column": 36 } },
        "type": "cond-expr",
        "locations": [
          { "start": { "line": 73, "column": 32 }, "end": { "line": 73, "column": 36 } },
          { "start": { "line": 73, "column": 36 }, "end": { "line": 73, "column": 38 } }
        ]
      },
      "31": {
        "loc": { "start": { "line": 73, "column": 23 }, "end": { "line": 73, "column": 36 } },
        "type": "binary-expr",
        "locations": [
          { "start": { "line": 73, "column": 23 }, "end": { "line": 73, "column": 36 } },
          { "start": { "line": 73, "column": 32 }, "end": { "line": 73, "column": 36 } }
        ]
      },
      "32": {
        "loc": { "start": { "line": 78, "column": 32 }, "end": { "line": 78, "column": 36 } },
        "type": "cond-expr",
        "locations": [
          { "start": { "line": 78, "column": 32 }, "end": { "line": 78, "column": 36 } },
          { "start": { "line": 78, "column": 36 }, "end": { "line": 78, "column": 38 } }
        ]
      },
      "33": {
        "loc": { "start": { "line": 78, "column": 20 }, "end": { "line": 78, "column": 36 } },
        "type": "binary-expr",
        "locations": [
          { "start": { "line": 78, "column": 20 }, "end": { "line": 78, "column": 36 } },
          { "start": { "line": 78, "column": 32 }, "end": { "line": 78, "column": 36 } }
        ]
      },
      "34": {
        "loc": { "start": { "line": 218, "column": 32 }, "end": { "line": 218, "column": 36 } },
        "type": "cond-expr",
        "locations": [
          { "start": { "line": 218, "column": 32 }, "end": { "line": 218, "column": 36 } },
          { "start": { "line": 218, "column": 36 }, "end": { "line": 218, "column": 48 } }
        ]
      },
      "35": {
        "loc": { "start": { "line": 218, "column": 18 }, "end": { "line": 218, "column": 36 } },
        "type": "binary-expr",
        "locations": [
          { "start": { "line": 218, "column": 18 }, "end": { "line": 218, "column": 36 } },
          { "start": { "line": 218, "column": 32 }, "end": { "line": 218, "column": 36 } }
        ]
      },
      "36": {
        "loc": { "start": { "line": 219, "column": 36 }, "end": { "line": 219, "column": 40 } },
        "type": "cond-expr",
        "locations": [
          { "start": { "line": 219, "column": 36 }, "end": { "line": 219, "column": 40 } },
          { "start": { "line": 219, "column": 40 }, "end": { "line": 219, "column": 42 } }
        ]
      },
      "37": {
        "loc": { "start": { "line": 219, "column": 27 }, "end": { "line": 219, "column": 40 } },
        "type": "binary-expr",
        "locations": [
          { "start": { "line": 219, "column": 27 }, "end": { "line": 219, "column": 40 } },
          { "start": { "line": 219, "column": 36 }, "end": { "line": 219, "column": 40 } }
        ]
      },
      "38": {
        "loc": { "start": { "line": 219, "column": 55 }, "end": { "line": 219, "column": 59 } },
        "type": "cond-expr",
        "locations": [
          { "start": { "line": 219, "column": 55 }, "end": { "line": 219, "column": 59 } },
          { "start": { "line": 219, "column": 59 }, "end": { "line": 219, "column": 61 } }
        ]
      },
      "39": {
        "loc": { "start": { "line": 219, "column": 44 }, "end": { "line": 219, "column": 59 } },
        "type": "binary-expr",
        "locations": [
          { "start": { "line": 219, "column": 44 }, "end": { "line": 219, "column": 59 } },
          { "start": { "line": 219, "column": 55 }, "end": { "line": 219, "column": 59 } }
        ]
      },
      "40": {
        "loc": { "start": { "line": 220, "column": 30 }, "end": { "line": 220, "column": 34 } },
        "type": "cond-expr",
        "locations": [
          { "start": { "line": 220, "column": 30 }, "end": { "line": 220, "column": 34 } },
          { "start": { "line": 220, "column": 34 }, "end": { "line": 220, "column": 45 } }
        ]
      },
      "41": {
        "loc": { "start": { "line": 220, "column": 17 }, "end": { "line": 220, "column": 34 } },
        "type": "binary-expr",
        "locations": [
          { "start": { "line": 220, "column": 17 }, "end": { "line": 220, "column": 34 } },
          { "start": { "line": 220, "column": 30 }, "end": { "line": 220, "column": 34 } }
        ]
      },
      "42": {
        "loc": { "start": { "line": 222, "column": 40 }, "end": { "line": 222, "column": 44 } },
        "type": "cond-expr",
        "locations": [
          { "start": { "line": 222, "column": 40 }, "end": { "line": 222, "column": 44 } },
          { "start": { "line": 222, "column": 44 }, "end": { "line": 222, "column": 60 } }
        ]
      },
      "43": {
        "loc": { "start": { "line": 222, "column": 22 }, "end": { "line": 222, "column": 44 } },
        "type": "binary-expr",
        "locations": [
          { "start": { "line": 222, "column": 22 }, "end": { "line": 222, "column": 44 } },
          { "start": { "line": 222, "column": 40 }, "end": { "line": 222, "column": 44 } }
        ]
      },
      "44": {
        "loc": { "start": { "line": 226, "column": 34 }, "end": { "line": 226, "column": 38 } },
        "type": "cond-expr",
        "locations": [
          { "start": { "line": 226, "column": 34 }, "end": { "line": 226, "column": 38 } },
          { "start": { "line": 226, "column": 38 }, "end": { "line": 226, "column": 51 } }
        ]
      },
      "45": {
        "loc": { "start": { "line": 226, "column": 19 }, "end": { "line": 226, "column": 38 } },
        "type": "binary-expr",
        "locations": [
          { "start": { "line": 226, "column": 19 }, "end": { "line": 226, "column": 38 } },
          { "start": { "line": 226, "column": 34 }, "end": { "line": 226, "column": 38 } }
        ]
      },
      "46": {
        "loc": { "start": { "line": 227, "column": 26 }, "end": { "line": 227, "column": 30 } },
        "type": "cond-expr",
        "locations": [
          { "start": { "line": 227, "column": 26 }, "end": { "line": 227, "column": 30 } },
          { "start": { "line": 227, "column": 30 }, "end": { "line": 227, "column": 39 } }
        ]
      },
      "47": {
        "loc": { "start": { "line": 227, "column": 15 }, "end": { "line": 227, "column": 30 } },
        "type": "binary-expr",
        "locations": [
          { "start": { "line": 227, "column": 15 }, "end": { "line": 227, "column": 30 } },
          { "start": { "line": 227, "column": 26 }, "end": { "line": 227, "column": 30 } }
        ]
      },
      "48": {
        "loc": { "start": { "line": 228, "column": 28 }, "end": { "line": 228, "column": 32 } },
        "type": "cond-expr",
        "locations": [
          { "start": { "line": 228, "column": 28 }, "end": { "line": 228, "column": 32 } },
          { "start": { "line": 228, "column": 32 }, "end": { "line": 228, "column": 42 } }
        ]
      },
      "49": {
        "loc": { "start": { "line": 228, "column": 16 }, "end": { "line": 228, "column": 32 } },
        "type": "binary-expr",
        "locations": [
          { "start": { "line": 228, "column": 16 }, "end": { "line": 228, "column": 32 } },
          { "start": { "line": 228, "column": 28 }, "end": { "line": 228, "column": 32 } }
        ]
      },
      "50": {
        "loc": { "start": { "line": 229, "column": 32 }, "end": { "line": 229, "column": 36 } },
        "type": "cond-expr",
        "locations": [
          { "start": { "line": 229, "column": 32 }, "end": { "line": 229, "column": 36 } },
          { "start": { "line": 229, "column": 36 }, "end": { "line": 229, "column": 48 } }
        ]
      },
      "51": {
        "loc": { "start": { "line": 229, "column": 18 }, "end": { "line": 229, "column": 36 } },
        "type": "binary-expr",
        "locations": [
          { "start": { "line": 229, "column": 18 }, "end": { "line": 229, "column": 36 } },
          { "start": { "line": 229, "column": 32 }, "end": { "line": 229, "column": 36 } }
        ]
      },
      "52": {
        "loc": { "start": { "line": 230, "column": 30 }, "end": { "line": 230, "column": 34 } },
        "type": "cond-expr",
        "locations": [
          { "start": { "line": 230, "column": 30 }, "end": { "line": 230, "column": 34 } },
          { "start": { "line": 230, "column": 34 }, "end": { "line": 230, "column": 45 } }
        ]
      },
      "53": {
        "loc": { "start": { "line": 230, "column": 17 }, "end": { "line": 230, "column": 34 } },
        "type": "binary-expr",
        "locations": [
          { "start": { "line": 230, "column": 17 }, "end": { "line": 230, "column": 34 } },
          { "start": { "line": 230, "column": 30 }, "end": { "line": 230, "column": 34 } }
        ]
      },
      "54": {
        "loc": { "start": { "line": 231, "column": 30 }, "end": { "line": 231, "column": 34 } },
        "type": "cond-expr",
        "locations": [
          { "start": { "line": 231, "column": 30 }, "end": { "line": 231, "column": 34 } },
          { "start": { "line": 231, "column": 34 }, "end": { "line": 231, "column": 45 } }
        ]
      },
      "55": {
        "loc": { "start": { "line": 231, "column": 17 }, "end": { "line": 231, "column": 34 } },
        "type": "binary-expr",
        "locations": [
          { "start": { "line": 231, "column": 17 }, "end": { "line": 231, "column": 34 } },
          { "start": { "line": 231, "column": 30 }, "end": { "line": 231, "column": 34 } }
        ]
      }
    },
    "s": {
      "0": 1,
      "1": 1,
      "2": 3,
      "3": 3,
      "4": 3,
      "5": 3,
      "6": 3,
      "7": 3,
      "8": 3,
      "9": 3,
      "10": 3,
      "11": 3,
      "12": 3,
      "13": 3,
      "14": 3,
      "15": 3,
      "16": 3,
      "17": 1,
      "18": 2,
      "19": 1,
      "20": 2,
      "21": 1,
      "22": 1,
      "23": 1,
      "24": 1,
      "25": 1,
      "26": 1,
      "27": 1,
      "28": 1,
      "29": 1,
      "30": 1,
      "31": 1,
      "32": 1,
      "33": 1,
      "34": 1,
      "35": 1,
      "36": 1,
      "37": 1,
      "38": 1,
      "39": 1,
      "40": 1,
      "41": 1,
      "42": 1,
      "43": 1,
      "44": 1,
      "45": 1,
      "46": 1,
      "47": 1,
      "48": 1,
      "49": 1,
      "50": 1,
      "51": 1,
      "52": 1,
      "53": 1,
      "54": 1,
      "55": 1,
      "56": 1,
      "57": 1,
      "58": 1,
      "59": 1,
      "60": 1,
      "61": 1,
      "62": 1,
      "63": 1,
      "64": 1,
      "65": 1,
      "66": 1,
      "67": 1,
      "68": 0,
      "69": 1,
      "70": 1,
      "71": 1,
      "72": 1
    },
    "f": {
      "0": 1,
      "1": 3,
      "2": 2,
      "3": 2,
      "4": 1,
      "5": 1,
      "6": 1,
      "7": 1,
      "8": 1,
      "9": 1,
      "10": 1,
      "11": 1,
      "12": 1,
      "13": 1,
      "14": 1,
      "15": 1,
      "16": 1,
      "17": 1,
      "18": 1,
      "19": 1,
      "20": 0,
      "21": 1
    },
    "b": {
      "0": [2, 1],
      "1": [3, 3],
      "2": [2, 1],
      "3": [3, 3],
      "4": [1, 2],
      "5": [3, 3],
      "6": [2, 1],
      "7": [3, 3],
      "8": [2, 1],
      "9": [3, 3],
      "10": [2, 1],
      "11": [3, 3],
      "12": [2, 1],
      "13": [3, 3],
      "14": [2, 1],
      "15": [3, 3],
      "16": [2, 1],
      "17": [3, 3],
      "18": [2, 1],
      "19": [3, 3],
      "20": [2, 1],
      "21": [3, 3],
      "22": [2, 1],
      "23": [3, 3],
      "24": [2, 1],
      "25": [3, 3],
      "26": [2, 1],
      "27": [3, 3],
      "28": [2, 1],
      "29": [3, 3],
      "30": [2, 0],
      "31": [2, 2],
      "32": [2, 0],
      "33": [2, 2],
      "34": [1, 0],
      "35": [1, 1],
      "36": [0, 1],
      "37": [1, 1],
      "38": [1, 0],
      "39": [1, 1],
      "40": [1, 0],
      "41": [1, 1],
      "42": [0, 1],
      "43": [1, 1],
      "44": [0, 1],
      "45": [1, 1],
      "46": [0, 1],
      "47": [1, 1],
      "48": [0, 1],
      "49": [1, 1],
      "50": [0, 1],
      "51": [1, 1],
      "52": [0, 1],
      "53": [1, 1],
      "54": [0, 1],
      "55": [1, 1]
    }
  },
  "/Users/ouyangcheng/Workspace/github/runapi/packages/runapi-requestor/src/context/response-context.ts": {
    "path": "/Users/ouyangcheng/Workspace/github/runapi/packages/runapi-requestor/src/context/response-context.ts",
    "statementMap": {
      "0": { "start": { "line": 1, "column": 0 }, "end": { "line": 1, "column": 26 } },
      "1": { "start": { "line": 2, "column": 0 }, "end": { "line": 2, "column": 49 } },
      "2": { "start": { "line": 5, "column": 0 }, "end": { "line": 5, "column": 13 } },
      "3": { "start": { "line": 25, "column": 4 }, "end": { "line": 25, "column": 41 } },
      "4": { "start": { "line": 26, "column": 4 }, "end": { "line": 26, "column": 29 } },
      "5": { "start": { "line": 30, "column": 2 }, "end": { "line": 39, "column": null } },
      "6": { "start": { "line": 31, "column": 4 }, "end": { "line": 37, "column": null } },
      "7": { "start": { "line": 32, "column": 23 }, "end": { "line": 32, "column": 58 } },
      "8": { "start": { "line": 33, "column": 6 }, "end": { "line": 33, "column": 21 } },
      "9": { "start": { "line": 34, "column": 6 }, "end": { "line": 34, "column": 24 } },
      "10": { "start": { "line": 35, "column": 6 }, "end": { "line": 35, "column": 41 } },
      "11": { "start": { "line": 36, "column": 6 }, "end": { "line": 36, "column": 29 } },
      "12": { "start": { "line": 38, "column": 4 }, "end": { "line": 38, "column": 16 } },
      "13": { "start": { "line": 45, "column": 2 }, "end": { "line": 51, "column": null } },
      "14": { "start": { "line": 46, "column": 4 }, "end": { "line": 49, "column": null } },
      "15": { "start": { "line": 47, "column": 21 }, "end": { "line": 47, "column": 73 } },
      "16": { "start": { "line": 48, "column": 6 }, "end": { "line": 48, "column": 27 } },
      "17": { "start": { "line": 50, "column": 4 }, "end": { "line": 50, "column": 16 } },
      "18": { "start": { "line": 52, "column": 0 }, "end": { "line": 52, "column": null } },
      "19": { "start": { "line": 5, "column": 13 }, "end": { "line": 5, "column": 28 } }
    },
    "fnMap": {
      "0": {
        "name": "(anonymous_1)",
        "decl": { "start": { "line": 5, "column": 0 }, "end": { "line": 5, "column": 13 } },
        "loc": { "start": { "line": 5, "column": 0 }, "end": { "line": 52, "column": null } }
      },
      "1": {
        "name": "ResponseContext",
        "decl": { "start": { "line": 24, "column": 2 }, "end": { "line": 24, "column": 14 } },
        "loc": { "start": { "line": 24, "column": 102 }, "end": { "line": 27, "column": 3 } }
      },
      "2": {
        "name": "(anonymous_3)",
        "decl": { "start": { "line": 30, "column": 2 }, "end": { "line": 30, "column": 6 } },
        "loc": { "start": { "line": 30, "column": 2 }, "end": { "line": 39, "column": 3 } }
      },
      "3": {
        "name": "(anonymous_4)",
        "decl": { "start": { "line": 45, "column": 2 }, "end": { "line": 45, "column": 7 } },
        "loc": { "start": { "line": 45, "column": 2 }, "end": { "line": 51, "column": 3 } }
      }
    },
    "branchMap": {
      "0": {
        "loc": { "start": { "line": 31, "column": 4 }, "end": { "line": 37, "column": null } },
        "type": "if",
        "locations": [
          { "start": { "line": 31, "column": 4 }, "end": { "line": 37, "column": null } },
          { "start": { "line": 31, "column": 4 }, "end": { "line": 37, "column": null } }
        ]
      },
      "1": {
        "loc": { "start": { "line": 46, "column": 4 }, "end": { "line": 49, "column": null } },
        "type": "if",
        "locations": [
          { "start": { "line": 46, "column": 4 }, "end": { "line": 49, "column": null } },
          { "start": { "line": 46, "column": 4 }, "end": { "line": 49, "column": null } }
        ]
      }
    },
    "s": {
      "0": 1,
      "1": 1,
      "2": 1,
      "3": 1,
      "4": 1,
      "5": 1,
      "6": 0,
      "7": 0,
      "8": 0,
      "9": 0,
      "10": 0,
      "11": 0,
      "12": 0,
      "13": 1,
      "14": 1,
      "15": 0,
      "16": 0,
      "17": 1,
      "18": 1,
      "19": 1
    },
    "f": { "0": 1, "1": 1, "2": 0, "3": 1 },
    "b": { "0": [0, 0], "1": [0, 1] }
  },
  "/Users/ouyangcheng/Workspace/github/runapi/packages/runapi-requestor/src/engine/index.ts": {
    "path": "/Users/ouyangcheng/Workspace/github/runapi/packages/runapi-requestor/src/engine/index.ts",
    "statementMap": {
      "0": { "start": { "line": 3, "column": 0 }, "end": { "line": 3, "column": 13 } },
      "1": { "start": { "line": 12, "column": 4 }, "end": { "line": 12, "column": 44 } },
      "2": { "start": { "line": 13, "column": 4 }, "end": { "line": 13, "column": 53 } },
      "3": { "start": { "line": 14, "column": 4 }, "end": { "line": 14, "column": 55 } },
      "4": { "start": { "line": 15, "column": 4 }, "end": { "line": 15, "column": 59 } },
      "5": { "start": { "line": 16, "column": 4 }, "end": { "line": 16, "column": 23 } },
      "6": { "start": { "line": 18, "column": 0 }, "end": { "line": 18, "column": null } },
      "7": { "start": { "line": 3, "column": 13 }, "end": { "line": 3, "column": 31 } },
      "8": { "start": { "line": 20, "column": 0 }, "end": { "line": 20, "column": 22 } },
      "9": { "start": { "line": 27, "column": 0 }, "end": { "line": 27, "column": null } },
      "10": { "start": { "line": 20, "column": 22 }, "end": { "line": 20, "column": 28 } }
    },
    "fnMap": {
      "0": {
        "name": "(anonymous_0)",
        "decl": { "start": { "line": 3, "column": 0 }, "end": { "line": 3, "column": 13 } },
        "loc": { "start": { "line": 3, "column": 0 }, "end": { "line": 18, "column": null } }
      },
      "1": {
        "name": "EngineAbortPromise",
        "decl": { "start": { "line": 11, "column": 2 }, "end": { "line": 11, "column": 14 } },
        "loc": { "start": { "line": 11, "column": 129 }, "end": { "line": 17, "column": 3 } }
      },
      "2": {
        "name": "(anonymous_2)",
        "decl": { "start": { "line": 20, "column": 0 }, "end": { "line": 20, "column": 22 } },
        "loc": { "start": { "line": 20, "column": 0 }, "end": { "line": 27, "column": null } }
      }
    },
    "branchMap": {},
    "s": { "0": 1, "1": 1, "2": 1, "3": 1, "4": 1, "5": 1, "6": 1, "7": 1, "8": 1, "9": 1, "10": 1 },
    "f": { "0": 1, "1": 1, "2": 2 },
    "b": {}
  },
  "/Users/ouyangcheng/Workspace/github/runapi/packages/runapi-requestor/src/engine/impl/axios-engine.ts": {
    "path": "/Users/ouyangcheng/Workspace/github/runapi/packages/runapi-requestor/src/engine/impl/axios-engine.ts",
    "statementMap": {
      "0": { "start": { "line": 1, "column": 0 }, "end": { "line": 1, "column": 45 } },
      "1": { "start": { "line": 2, "column": 0 }, "end": { "line": 2, "column": 48 } },
      "2": { "start": { "line": 5, "column": 0 }, "end": { "line": 5, "column": 54 } },
      "3": { "start": { "line": 5, "column": 33 }, "end": { "line": 5, "column": 39 } },
      "4": { "start": { "line": 6, "column": 2 }, "end": { "line": 23, "column": null } },
      "5": { "start": { "line": 6, "column": 17 }, "end": { "line": 6, "column": 19 } },
      "6": { "start": { "line": 6, "column": 25 }, "end": { "line": 6, "column": 27 } },
      "7": { "start": { "line": 6, "column": 34 }, "end": { "line": 6, "column": 36 } },
      "8": { "start": { "line": 6, "column": 47 }, "end": { "line": 6, "column": 49 } },
      "9": { "start": { "line": 6, "column": 54 }, "end": { "line": 6, "column": 56 } },
      "10": { "start": { "line": 6, "column": 60 }, "end": { "line": 6, "column": 62 } },
      "11": { "start": { "line": 6, "column": 68 }, "end": { "line": 6, "column": 86 } },
      "12": { "start": { "line": 7, "column": 19 }, "end": { "line": 7, "column": 45 } },
      "13": { "start": { "line": 9, "column": 4 }, "end": { "line": 22, "column": 22 } },
      "14": { "start": { "line": 10, "column": 6 }, "end": { "line": 21, "column": 23 } },
      "15": { "start": { "line": 25, "column": 8 }, "end": { "line": 28, "column": null } },
      "16": { "start": { "line": 26, "column": 10 }, "end": { "line": 26, "column": 64 } },
      "17": { "start": { "line": 27, "column": 4 }, "end": { "line": 27, "column": 99 } },
      "18": { "start": { "line": 29, "column": 0 }, "end": { "line": 29, "column": null } },
      "19": { "start": { "line": 5, "column": 13 }, "end": { "line": 5, "column": 24 } }
    },
    "fnMap": {
      "0": {
        "name": "(anonymous_22)",
        "decl": { "start": { "line": 5, "column": 0 }, "end": { "line": 5, "column": 13 } },
        "loc": { "start": { "line": 5, "column": 0 }, "end": { "line": 29, "column": null } }
      },
      "1": {
        "name": "(anonymous_24)",
        "decl": { "start": { "line": 6, "column": 2 }, "end": { "line": 6, "column": 11 } },
        "loc": { "start": { "line": 6, "column": 86 }, "end": { "line": 23, "column": 3 } }
      },
      "2": {
        "name": "(anonymous_25)",
        "decl": { "start": { "line": 9, "column": 49 }, "end": { "line": 9, "column": 50 } },
        "loc": { "start": { "line": 9, "column": 65 }, "end": { "line": 22, "column": 5 } }
      },
      "3": {
        "name": "(anonymous_26)",
        "decl": { "start": { "line": 25, "column": 2 }, "end": { "line": 25, "column": 8 } },
        "loc": { "start": { "line": 25, "column": 42 }, "end": { "line": 28, "column": null } }
      }
    },
    "branchMap": {
      "0": {
        "loc": { "start": { "line": 14, "column": 60 }, "end": { "line": 14, "column": 71 } },
        "type": "cond-expr",
        "locations": [
          { "start": { "line": 14, "column": 60 }, "end": { "line": 14, "column": 71 } },
          { "start": { "line": 14, "column": 74 }, "end": { "line": 14, "column": 79 } }
        ]
      },
      "1": {
        "loc": { "start": { "line": 26, "column": 15 }, "end": { "line": 26, "column": 37 } },
        "type": "binary-expr",
        "locations": [
          { "start": { "line": 26, "column": 15 }, "end": { "line": 26, "column": 37 } },
          { "start": { "line": 26, "column": 41 }, "end": { "line": 26, "column": 63 } }
        ]
      }
    },
    "s": {
      "0": 1,
      "1": 1,
      "2": 1,
      "3": 1,
      "4": 1,
      "5": 1,
      "6": 1,
      "7": 1,
      "8": 1,
      "9": 1,
      "10": 1,
      "11": 1,
      "12": 1,
      "13": 1,
      "14": 1,
      "15": 1,
      "16": 1,
      "17": 1,
      "18": 1,
      "19": 1
    },
    "f": { "0": 2, "1": 1, "2": 1, "3": 1 },
    "b": { "0": [0, 1], "1": [1, 1] }
  },
  "/Users/ouyangcheng/Workspace/github/runapi/packages/runapi-requestor/src/engine/impl/fetch-engine.ts": {
    "path": "/Users/ouyangcheng/Workspace/github/runapi/packages/runapi-requestor/src/engine/impl/fetch-engine.ts",
    "statementMap": {
      "0": { "start": { "line": 1, "column": 0 }, "end": { "line": 1, "column": 48 } },
      "1": { "start": { "line": 4, "column": 0 }, "end": { "line": 4, "column": 49 } },
      "2": { "start": { "line": 4, "column": 33 }, "end": { "line": 4, "column": 39 } },
      "3": { "start": { "line": 5, "column": 2 }, "end": { "line": 21, "column": null } },
      "4": { "start": { "line": 5, "column": 22 }, "end": { "line": 5, "column": 24 } },
      "5": { "start": { "line": 5, "column": 30 }, "end": { "line": 5, "column": 32 } },
      "6": { "start": { "line": 5, "column": 39 }, "end": { "line": 5, "column": 41 } },
      "7": { "start": { "line": 5, "column": 52 }, "end": { "line": 5, "column": 54 } },
      "8": { "start": { "line": 5, "column": 58 }, "end": { "line": 5, "column": 60 } },
      "9": { "start": { "line": 5, "column": 68 }, "end": { "line": 5, "column": 70 } },
      "10": { "start": { "line": 5, "column": 76 }, "end": { "line": 5, "column": 94 } },
      "11": { "start": { "line": 6, "column": 30 }, "end": { "line": 6, "column": 51 } },
      "12": { "start": { "line": 6, "column": 18 }, "end": { "line": 6, "column": 20 } },
      "13": { "start": { "line": 6, "column": 25 }, "end": { "line": 6, "column": 30 } },
      "14": { "start": { "line": 8, "column": 4 }, "end": { "line": 20, "column": 14 } },
      "15": { "start": { "line": 9, "column": 6 }, "end": { "line": 19, "column": 23 } },
      "16": { "start": { "line": 23, "column": 8 }, "end": { "line": 26, "column": null } },
      "17": { "start": { "line": 24, "column": 19 }, "end": { "line": 24, "column": null } },
      "18": { "start": { "line": 24, "column": 10 }, "end": { "line": 24, "column": null } },
      "19": { "start": { "line": 25, "column": 4 }, "end": { "line": 25, "column": 97 } },
      "20": { "start": { "line": 27, "column": 0 }, "end": { "line": 27, "column": null } },
      "21": { "start": { "line": 4, "column": 13 }, "end": { "line": 4, "column": 24 } }
    },
    "fnMap": {
      "0": {
        "name": "(anonymous_21)",
        "decl": { "start": { "line": 4, "column": 0 }, "end": { "line": 4, "column": 13 } },
        "loc": { "start": { "line": 4, "column": 0 }, "end": { "line": 27, "column": null } }
      },
      "1": {
        "name": "(anonymous_23)",
        "decl": { "start": { "line": 5, "column": 2 }, "end": { "line": 5, "column": 11 } },
        "loc": { "start": { "line": 5, "column": 94 }, "end": { "line": 21, "column": 3 } }
      },
      "2": {
        "name": "(anonymous_24)",
        "decl": { "start": { "line": 8, "column": 44 }, "end": { "line": 8, "column": 45 } },
        "loc": { "start": { "line": 8, "column": 60 }, "end": { "line": 20, "column": 5 } }
      },
      "3": {
        "name": "(anonymous_25)",
        "decl": { "start": { "line": 23, "column": 2 }, "end": { "line": 23, "column": 8 } },
        "loc": { "start": { "line": 23, "column": 37 }, "end": { "line": 26, "column": null } }
      }
    },
    "branchMap": {
      "0": {
        "loc": { "start": { "line": 13, "column": 58 }, "end": { "line": 13, "column": 71 } },
        "type": "cond-expr",
        "locations": [
          { "start": { "line": 13, "column": 58 }, "end": { "line": 13, "column": 71 } },
          { "start": { "line": 13, "column": 74 }, "end": { "line": 13, "column": 102 } }
        ]
      },
      "1": {
        "loc": { "start": { "line": 13, "column": 74 }, "end": { "line": 13, "column": 85 } },
        "type": "cond-expr",
        "locations": [
          { "start": { "line": 13, "column": 74 }, "end": { "line": 13, "column": 85 } },
          { "start": { "line": 13, "column": 89 }, "end": { "line": 13, "column": 102 } }
        ]
      },
      "2": {
        "loc": { "start": { "line": 13, "column": 74 }, "end": { "line": 13, "column": 89 } },
        "type": "binary-expr",
        "locations": [
          { "start": { "line": 13, "column": 74 }, "end": { "line": 13, "column": 89 } },
          { "start": { "line": 13, "column": 74 }, "end": { "line": 13, "column": 89 } }
        ]
      },
      "3": {
        "loc": { "start": { "line": 14, "column": 16 }, "end": { "line": 14, "column": 24 } },
        "type": "cond-expr",
        "locations": [
          { "start": { "line": 14, "column": 16 }, "end": { "line": 14, "column": 24 } },
          { "start": { "line": 14, "column": 29 }, "end": { "line": 14, "column": 83 } }
        ]
      },
      "4": {
        "loc": { "start": { "line": 14, "column": 16 }, "end": { "line": 14, "column": 28 } },
        "type": "binary-expr",
        "locations": [
          { "start": { "line": 14, "column": 16 }, "end": { "line": 14, "column": 28 } },
          { "start": { "line": 14, "column": 16 }, "end": { "line": 14, "column": 28 } }
        ]
      },
      "5": {
        "loc": { "start": { "line": 14, "column": 56 }, "end": { "line": 14, "column": 76 } },
        "type": "cond-expr",
        "locations": [
          { "start": { "line": 14, "column": 56 }, "end": { "line": 14, "column": 76 } },
          { "start": { "line": 14, "column": 79 }, "end": { "line": 14, "column": 83 } }
        ]
      },
      "6": {
        "loc": { "start": { "line": 14, "column": 29 }, "end": { "line": 14, "column": 45 } },
        "type": "binary-expr",
        "locations": [
          { "start": { "line": 14, "column": 29 }, "end": { "line": 14, "column": 45 } },
          { "start": { "line": 14, "column": 49 }, "end": { "line": 14, "column": 53 } }
        ]
      },
      "7": {
        "loc": { "start": { "line": 24, "column": 19 }, "end": { "line": 24, "column": null } },
        "type": "switch",
        "locations": [{ "start": { "line": 24, "column": 19 }, "end": { "line": 24, "column": null } }]
      }
    },
    "s": {
      "0": 1,
      "1": 1,
      "2": 1,
      "3": 1,
      "4": 0,
      "5": 0,
      "6": 0,
      "7": 0,
      "8": 0,
      "9": 0,
      "10": 0,
      "11": 0,
      "12": 0,
      "13": 0,
      "14": 0,
      "15": 0,
      "16": 1,
      "17": 0,
      "18": 0,
      "19": 0,
      "20": 1,
      "21": 1
    },
    "f": { "0": 1, "1": 0, "2": 0, "3": 0 },
    "b": { "0": [0, 0], "1": [0, 0], "2": [0, 0], "3": [0, 0], "4": [0, 0], "5": [0, 0], "6": [0, 0], "7": [0] }
  },
  "/Users/ouyangcheng/Workspace/github/runapi/packages/runapi-requestor/src/engine/impl/wxmp-engine.ts": {
    "path": "/Users/ouyangcheng/Workspace/github/runapi/packages/runapi-requestor/src/engine/impl/wxmp-engine.ts",
    "statementMap": {
      "0": { "start": { "line": 1, "column": 0 }, "end": { "line": 1, "column": 48 } },
      "1": { "start": { "line": 13, "column": 0 }, "end": { "line": 13, "column": 52 } },
      "2": { "start": { "line": 13, "column": 32 }, "end": { "line": 13, "column": 38 } },
      "3": { "start": { "line": 14, "column": 2 }, "end": { "line": 32, "column": null } },
      "4": { "start": { "line": 14, "column": 17 }, "end": { "line": 14, "column": 19 } },
      "5": { "start": { "line": 14, "column": 25 }, "end": { "line": 14, "column": 27 } },
      "6": { "start": { "line": 14, "column": 34 }, "end": { "line": 14, "column": 36 } },
      "7": { "start": { "line": 14, "column": 40 }, "end": { "line": 14, "column": 42 } },
      "8": { "start": { "line": 14, "column": 48 }, "end": { "line": 14, "column": 66 } },
      "9": { "start": { "line": 15, "column": 16 }, "end": { "line": 15, "column": 24 } },
      "10": { "start": { "line": 17, "column": 4 }, "end": { "line": 31, "column": 14 } },
      "11": { "start": { "line": 18, "column": 6 }, "end": { "line": 18, "column": 65 } },
      "12": { "start": { "line": 18, "column": 30 }, "end": { "line": 18, "column": 65 } },
      "13": { "start": { "line": 20, "column": 22 }, "end": { "line": 28, "column": null } },
      "14": { "start": { "line": 30, "column": 6 }, "end": { "line": 30, "column": 28 } },
      "15": { "start": { "line": 34, "column": 8 }, "end": { "line": 37, "column": null } },
      "16": { "start": { "line": 35, "column": 10 }, "end": { "line": 35, "column": 72 } },
      "17": { "start": { "line": 36, "column": 4 }, "end": { "line": 36, "column": 99 } },
      "18": { "start": { "line": 38, "column": 0 }, "end": { "line": 38, "column": null } },
      "19": { "start": { "line": 13, "column": 13 }, "end": { "line": 13, "column": 23 } }
    },
    "fnMap": {
      "0": {
        "name": "(anonymous_21)",
        "decl": { "start": { "line": 13, "column": 0 }, "end": { "line": 13, "column": 13 } },
        "loc": { "start": { "line": 13, "column": 0 }, "end": { "line": 38, "column": null } }
      },
      "1": {
        "name": "(anonymous_23)",
        "decl": { "start": { "line": 14, "column": 2 }, "end": { "line": 14, "column": 11 } },
        "loc": { "start": { "line": 14, "column": 66 }, "end": { "line": 32, "column": 3 } }
      },
      "2": {
        "name": "(anonymous_24)",
        "decl": { "start": { "line": 15, "column": 16 }, "end": { "line": 15, "column": 23 } },
        "loc": { "start": { "line": 15, "column": 16 }, "end": { "line": 15, "column": 24 } }
      },
      "3": {
        "name": "(anonymous_25)",
        "decl": { "start": { "line": 17, "column": 48 }, "end": { "line": 17, "column": 49 } },
        "loc": { "start": { "line": 17, "column": 64 }, "end": { "line": 31, "column": 5 } }
      },
      "4": {
        "name": "(anonymous_26)",
        "decl": { "start": { "line": 34, "column": 2 }, "end": { "line": 34, "column": 8 } },
        "loc": { "start": { "line": 34, "column": 41 }, "end": { "line": 37, "column": null } }
      }
    },
    "branchMap": {
      "0": {
        "loc": { "start": { "line": 18, "column": 6 }, "end": { "line": 18, "column": 65 } },
        "type": "if",
        "locations": [
          { "start": { "line": 18, "column": 6 }, "end": { "line": 18, "column": 65 } },
          { "start": { "line": 18, "column": 6 }, "end": { "line": 18, "column": 65 } }
        ]
      },
      "1": {
        "loc": { "start": { "line": 35, "column": 15 }, "end": { "line": 35, "column": 41 } },
        "type": "binary-expr",
        "locations": [
          { "start": { "line": 35, "column": 15 }, "end": { "line": 35, "column": 41 } },
          { "start": { "line": 35, "column": 45 }, "end": { "line": 35, "column": 71 } }
        ]
      }
    },
    "s": {
      "0": 1,
      "1": 1,
      "2": 1,
      "3": 1,
      "4": 0,
      "5": 0,
      "6": 0,
      "7": 0,
      "8": 0,
      "9": 0,
      "10": 0,
      "11": 0,
      "12": 0,
      "13": 0,
      "14": 0,
      "15": 1,
      "16": 0,
      "17": 0,
      "18": 1,
      "19": 1
    },
    "f": { "0": 1, "1": 0, "2": 0, "3": 0, "4": 0 },
    "b": { "0": [0, 0], "1": [0, 0] }
  },
  "/Users/ouyangcheng/Workspace/github/runapi/packages/runapi-requestor/src/error/request-error.ts": {
    "path": "/Users/ouyangcheng/Workspace/github/runapi/packages/runapi-requestor/src/error/request-error.ts",
    "statementMap": {
      "0": { "start": { "line": 3, "column": 0 }, "end": { "line": 3, "column": null } },
      "1": { "start": { "line": 3, "column": 68 }, "end": { "line": 3, "column": 73 } },
      "2": { "start": { "line": 22, "column": 4 }, "end": { "line": 22, "column": null } },
      "3": { "start": { "line": 23, "column": 4 }, "end": { "line": 23, "column": 37 } },
      "4": { "start": { "line": 24, "column": 4 }, "end": { "line": 24, "column": 31 } },
      "5": { "start": { "line": 25, "column": 4 }, "end": { "line": 25, "column": 25 } },
      "6": { "start": { "line": 26, "column": 4 }, "end": { "line": 26, "column": 33 } },
      "7": { "start": { "line": 27, "column": 4 }, "end": { "line": 27, "column": 43 } },
      "8": { "start": { "line": 29, "column": 0 }, "end": { "line": 29, "column": null } },
      "9": { "start": { "line": 3, "column": 13 }, "end": { "line": 3, "column": 25 } }
    },
    "fnMap": {
      "0": {
        "name": "(anonymous_6)",
        "decl": { "start": { "line": 3, "column": 0 }, "end": { "line": 3, "column": 13 } },
        "loc": { "start": { "line": 3, "column": 0 }, "end": { "line": 29, "column": null } }
      },
      "1": {
        "name": "RequestError",
        "decl": { "start": { "line": 15, "column": 2 }, "end": { "line": 15, "column": null } },
        "loc": { "start": { "line": 20, "column": 55 }, "end": { "line": 28, "column": 3 } }
      }
    },
    "branchMap": {
      "0": {
        "loc": { "start": { "line": 22, "column": 4 }, "end": { "line": 22, "column": 18 } },
        "type": "binary-expr",
        "locations": [
          { "start": { "line": 22, "column": 4 }, "end": { "line": 22, "column": 18 } },
          { "start": { "line": 22, "column": 18 }, "end": { "line": 22, "column": null } }
        ]
      }
    },
    "s": { "0": 1, "1": 1, "2": 0, "3": 0, "4": 0, "5": 0, "6": 0, "7": 0, "8": 1, "9": 1 },
    "f": { "0": 1, "1": 0 },
    "b": { "0": [0, 0] }
  },
  "/Users/ouyangcheng/Workspace/github/runapi/packages/runapi-requestor/src/requestor/index.ts": {
    "path": "/Users/ouyangcheng/Workspace/github/runapi/packages/runapi-requestor/src/requestor/index.ts",
    "statementMap": {
      "0": { "start": { "line": 1, "column": 0 }, "end": { "line": 1, "column": 55 } },
      "1": { "start": { "line": 2, "column": 0 }, "end": { "line": 2, "column": 60 } },
      "2": { "start": { "line": 3, "column": 0 }, "end": { "line": 3, "column": 62 } },
      "3": { "start": { "line": 4, "column": 0 }, "end": { "line": 4, "column": 54 } },
      "4": { "start": { "line": 5, "column": 0 }, "end": { "line": 5, "column": 36 } },
      "5": { "start": { "line": 8, "column": 0 }, "end": { "line": 8, "column": 13 } },
      "6": { "start": { "line": 19, "column": 2 }, "end": { "line": 19, "column": 56 } },
      "7": { "start": { "line": 22, "column": 11 }, "end": { "line": 22, "column": 98 } },
      "8": { "start": { "line": 25, "column": 4 }, "end": { "line": 25, "column": 25 } },
      "9": { "start": { "line": 26, "column": 4 }, "end": { "line": 26, "column": 33 } },
      "10": { "start": { "line": 28, "column": 4 }, "end": { "line": 28, "column": 88 } },
      "11": { "start": { "line": 28, "column": 24 }, "end": { "line": 28, "column": 88 } },
      "12": { "start": { "line": 32, "column": 8 }, "end": { "line": 89, "column": null } },
      "13": { "start": { "line": 41, "column": 6 }, "end": { "line": 41, "column": 61 } },
      "14": { "start": { "line": 43, "column": 6 }, "end": { "line": 43, "column": 41 } },
      "15": { "start": { "line": 44, "column": 10 }, "end": { "line": 44, "column": 24 } },
      "16": { "start": { "line": 44, "column": 42 }, "end": { "line": 44, "column": 75 } },
      "17": { "start": { "line": 44, "column": 26 }, "end": { "line": 44, "column": 75 } },
      "18": { "start": { "line": 46, "column": 10 }, "end": { "line": 46, "column": 20 } },
      "19": { "start": { "line": 47, "column": 8 }, "end": { "line": 47, "column": 82 } },
      "20": { "start": { "line": 49, "column": 12 }, "end": { "line": 49, "column": 41 } },
      "21": { "start": { "line": 50, "column": 8 }, "end": { "line": 56, "column": null } },
      "22": { "start": { "line": 51, "column": 16 }, "end": { "line": 51, "column": 64 } },
      "23": { "start": { "line": 52, "column": 10 }, "end": { "line": 52, "column": 48 } },
      "24": { "start": { "line": 53, "column": 10 }, "end": { "line": 53, "column": 38 } },
      "25": { "start": { "line": 55, "column": 10 }, "end": { "line": 55, "column": 96 } },
      "26": { "start": { "line": 58, "column": 12 }, "end": { "line": 58, "column": 19 } },
      "27": { "start": { "line": 59, "column": 16 }, "end": { "line": 59, "column": 73 } },
      "28": { "start": { "line": 60, "column": 10 }, "end": { "line": 60, "column": 83 } },
      "29": { "start": { "line": 60, "column": 60 }, "end": { "line": 60, "column": 83 } },
      "30": { "start": { "line": 61, "column": 19 }, "end": { "line": 61, "column": 26 } },
      "31": { "start": { "line": 62, "column": 10 }, "end": { "line": 62, "column": 87 } },
      "32": { "start": { "line": 62, "column": 31 }, "end": { "line": 62, "column": 82 } },
      "33": { "start": { "line": 65, "column": 8 }, "end": { "line": 65, "column": 52 } },
      "34": { "start": { "line": 66, "column": 8 }, "end": { "line": 66, "column": 57 } },
      "35": { "start": { "line": 68, "column": 25 }, "end": { "line": 68, "column": null } },
      "36": { "start": { "line": 68, "column": 14 }, "end": { "line": 68, "column": null } },
      "37": { "start": { "line": 69, "column": 8 }, "end": { "line": 69, "column": 51 } },
      "38": { "start": { "line": 71, "column": 51 }, "end": { "line": 71, "column": null } },
      "39": { "start": { "line": 71, "column": 14 }, "end": { "line": 71, "column": 51 } },
      "40": { "start": { "line": 72, "column": 8 }, "end": { "line": 72, "column": 81 } },
      "41": { "start": { "line": 73, "column": 8 }, "end": { "line": 73, "column": 27 } },
      "42": { "start": { "line": 74, "column": 8 }, "end": { "line": 74, "column": 35 } },
      "43": { "start": { "line": 75, "column": 8 }, "end": { "line": 75, "column": 43 } },
      "44": { "start": { "line": 76, "column": 8 }, "end": { "line": 76, "column": 35 } },
      "45": { "start": { "line": 79, "column": 10 }, "end": { "line": 79, "column": 23 } },
      "46": { "start": { "line": 79, "column": 25 }, "end": { "line": 79, "column": 57 } },
      "47": { "start": { "line": 81, "column": 6 }, "end": { "line": 81, "column": 44 } },
      "48": { "start": { "line": 81, "column": 25 }, "end": { "line": 81, "column": 44 } },
      "49": { "start": { "line": 83, "column": 6 }, "end": { "line": 83, "column": 24 } },
      "50": { "start": { "line": 85, "column": 6 }, "end": { "line": 85, "column": 70 } },
      "51": { "start": { "line": 87, "column": 6 }, "end": { "line": 87, "column": 112 } },
      "52": { "start": { "line": 92, "column": 2 }, "end": { "line": 98, "column": null } },
      "53": { "start": { "line": 93, "column": 4 }, "end": { "line": 96, "column": null } },
      "54": { "start": { "line": 94, "column": 6 }, "end": { "line": 94, "column": 57 } },
      "55": { "start": { "line": 95, "column": 6 }, "end": { "line": 95, "column": 21 } },
      "56": { "start": { "line": 97, "column": 4 }, "end": { "line": 97, "column": 16 } },
      "57": { "start": { "line": 99, "column": 0 }, "end": { "line": 99, "column": null } },
      "58": { "start": { "line": 8, "column": 13 }, "end": { "line": 8, "column": 22 } }
    },
    "fnMap": {
      "0": {
        "name": "(anonymous_13)",
        "decl": { "start": { "line": 8, "column": 0 }, "end": { "line": 8, "column": 13 } },
        "loc": { "start": { "line": 8, "column": 0 }, "end": { "line": 99, "column": null } }
      },
      "1": {
        "name": "Requestor",
        "decl": { "start": { "line": 24, "column": 2 }, "end": { "line": 24, "column": 14 } },
        "loc": { "start": { "line": 24, "column": 109 }, "end": { "line": 29, "column": 3 } }
      },
      "2": {
        "name": "(anonymous_15)",
        "decl": { "start": { "line": 32, "column": 2 }, "end": { "line": 32, "column": 8 } },
        "loc": { "start": { "line": 32, "column": 64 }, "end": { "line": 89, "column": null } }
      },
      "3": {
        "name": "(anonymous_18)",
        "decl": { "start": { "line": 62, "column": 25 }, "end": { "line": 62, "column": 31 } },
        "loc": { "start": { "line": 62, "column": 25 }, "end": { "line": 62, "column": 35 } }
      },
      "4": {
        "name": "(anonymous_19)",
        "decl": { "start": { "line": 92, "column": 2 }, "end": { "line": 92, "column": 8 } },
        "loc": { "start": { "line": 92, "column": 25 }, "end": { "line": 98, "column": 3 } }
      }
    },
    "branchMap": {
      "0": {
        "loc": { "start": { "line": 28, "column": 4 }, "end": { "line": 28, "column": 88 } },
        "type": "if",
        "locations": [
          { "start": { "line": 28, "column": 4 }, "end": { "line": 28, "column": 88 } },
          { "start": { "line": 28, "column": 4 }, "end": { "line": 28, "column": 88 } }
        ]
      },
      "1": {
        "loc": { "start": { "line": 44, "column": 10 }, "end": { "line": 44, "column": 24 } },
        "type": "if",
        "locations": [
          { "start": { "line": 44, "column": 10 }, "end": { "line": 44, "column": 24 } },
          { "start": { "line": 44, "column": 10 }, "end": { "line": 44, "column": 24 } }
        ]
      },
      "2": {
        "loc": { "start": { "line": 46, "column": 10 }, "end": { "line": 46, "column": 20 } },
        "type": "if",
        "locations": [
          { "start": { "line": 46, "column": 10 }, "end": { "line": 46, "column": 20 } },
          { "start": { "line": 46, "column": 10 }, "end": { "line": 46, "column": 20 } }
        ]
      },
      "3": {
        "loc": { "start": { "line": 50, "column": 8 }, "end": { "line": 56, "column": null } },
        "type": "if",
        "locations": [
          { "start": { "line": 50, "column": 8 }, "end": { "line": 56, "column": null } },
          { "start": { "line": 50, "column": 8 }, "end": { "line": 56, "column": null } }
        ]
      },
      "4": {
        "loc": { "start": { "line": 58, "column": 12 }, "end": { "line": 58, "column": 19 } },
        "type": "if",
        "locations": [
          { "start": { "line": 58, "column": 12 }, "end": { "line": 58, "column": 19 } },
          { "start": { "line": 58, "column": 12 }, "end": { "line": 58, "column": 19 } }
        ]
      },
      "5": {
        "loc": { "start": { "line": 60, "column": 10 }, "end": { "line": 60, "column": 83 } },
        "type": "if",
        "locations": [
          { "start": { "line": 60, "column": 10 }, "end": { "line": 60, "column": 83 } },
          { "start": { "line": 60, "column": 10 }, "end": { "line": 60, "column": 83 } }
        ]
      },
      "6": {
        "loc": { "start": { "line": 61, "column": 19 }, "end": { "line": 61, "column": 26 } },
        "type": "if",
        "locations": [
          { "start": { "line": 61, "column": 19 }, "end": { "line": 61, "column": 26 } },
          { "start": { "line": 61, "column": 19 }, "end": { "line": 61, "column": 26 } }
        ]
      },
      "7": {
        "loc": { "start": { "line": 79, "column": 10 }, "end": { "line": 79, "column": 23 } },
        "type": "if",
        "locations": [
          { "start": { "line": 79, "column": 10 }, "end": { "line": 79, "column": 23 } },
          { "start": { "line": 79, "column": 10 }, "end": { "line": 79, "column": 23 } }
        ]
      },
      "8": {
        "loc": { "start": { "line": 81, "column": 6 }, "end": { "line": 81, "column": 44 } },
        "type": "if",
        "locations": [
          { "start": { "line": 81, "column": 6 }, "end": { "line": 81, "column": 44 } },
          { "start": { "line": 81, "column": 6 }, "end": { "line": 81, "column": 44 } }
        ]
      },
      "9": {
        "loc": { "start": { "line": 85, "column": 6 }, "end": { "line": 85, "column": 23 } },
        "type": "binary-expr",
        "locations": [
          { "start": { "line": 85, "column": 6 }, "end": { "line": 85, "column": 23 } },
          { "start": { "line": 85, "column": 27 }, "end": { "line": 85, "column": 69 } }
        ]
      },
      "10": {
        "loc": { "start": { "line": 87, "column": 66 }, "end": { "line": 87, "column": 68 } },
        "type": "cond-expr",
        "locations": [
          { "start": { "line": 87, "column": 66 }, "end": { "line": 87, "column": 68 } },
          { "start": { "line": 87, "column": 56 }, "end": { "line": 87, "column": 74 } }
        ]
      },
      "11": {
        "loc": { "start": { "line": 87, "column": 56 }, "end": { "line": 87, "column": 68 } },
        "type": "binary-expr",
        "locations": [
          { "start": { "line": 87, "column": 56 }, "end": { "line": 87, "column": 68 } },
          { "start": { "line": 87, "column": 56 }, "end": { "line": 87, "column": 68 } }
        ]
      },
      "12": {
        "loc": { "start": { "line": 87, "column": 86 }, "end": { "line": 87, "column": 88 } },
        "type": "cond-expr",
        "locations": [
          { "start": { "line": 87, "column": 86 }, "end": { "line": 87, "column": 88 } },
          { "start": { "line": 87, "column": 76 }, "end": { "line": 87, "column": 98 } }
        ]
      },
      "13": {
        "loc": { "start": { "line": 87, "column": 76 }, "end": { "line": 87, "column": 88 } },
        "type": "binary-expr",
        "locations": [
          { "start": { "line": 87, "column": 76 }, "end": { "line": 87, "column": 88 } },
          { "start": { "line": 87, "column": 76 }, "end": { "line": 87, "column": 88 } }
        ]
      },
      "14": {
        "loc": { "start": { "line": 93, "column": 4 }, "end": { "line": 96, "column": null } },
        "type": "if",
        "locations": [
          { "start": { "line": 93, "column": 4 }, "end": { "line": 96, "column": null } },
          { "start": { "line": 93, "column": 4 }, "end": { "line": 96, "column": null } }
        ]
      },
      "15": {
        "loc": { "start": { "line": 93, "column": 8 }, "end": { "line": 93, "column": 23 } },
        "type": "binary-expr",
        "locations": [
          { "start": { "line": 93, "column": 8 }, "end": { "line": 93, "column": 23 } },
          { "start": { "line": 93, "column": 27 }, "end": { "line": 93, "column": 47 } }
        ]
      }
    },
    "s": {
      "0": 1,
      "1": 1,
      "2": 1,
      "3": 1,
      "4": 1,
      "5": 1,
      "6": 1,
      "7": 1,
      "8": 1,
      "9": 1,
      "10": 1,
      "11": 0,
      "12": 1,
      "13": 1,
      "14": 1,
      "15": 2,
      "16": 0,
      "17": 0,
      "18": 2,
      "19": 0,
      "20": 1,
      "21": 1,
      "22": 0,
      "23": 0,
      "24": 0,
      "25": 1,
      "26": 2,
      "27": 0,
      "28": 0,
      "29": 0,
      "30": 2,
      "31": 0,
      "32": 0,
      "33": 1,
      "34": 1,
      "35": 1,
      "36": 1,
      "37": 1,
      "38": 1,
      "39": 1,
      "40": 1,
      "41": 1,
      "42": 1,
      "43": 1,
      "44": 1,
      "45": 2,
      "46": 0,
      "47": 1,
      "48": 1,
      "49": 1,
      "50": 0,
      "51": 0,
      "52": 1,
      "53": 0,
      "54": 0,
      "55": 0,
      "56": 0,
      "57": 1,
      "58": 1
    },
    "f": { "0": 1, "1": 1, "2": 1, "3": 0, "4": 0 },
    "b": {
      "0": [0, 1],
      "1": [1, 0],
      "2": [1, 0],
      "3": [0, 1],
      "4": [1, 0],
      "5": [0, 0],
      "6": [1, 0],
      "7": [1, 0],
      "8": [1, 0],
      "9": [0, 0],
      "10": [0, 0],
      "11": [0, 0],
      "12": [0, 0],
      "13": [0, 0],
      "14": [0, 0],
      "15": [0, 0]
    }
  },
  "/Users/ouyangcheng/Workspace/github/runapi/packages/runapi-requestor/src/utils/index.ts": {
    "path": "/Users/ouyangcheng/Workspace/github/runapi/packages/runapi-requestor/src/utils/index.ts",
    "statementMap": {
      "0": { "start": { "line": 1, "column": 0 }, "end": { "line": 1, "column": 41 } },
      "1": { "start": { "line": 4, "column": 2 }, "end": { "line": 4, "column": 51 } },
      "2": { "start": { "line": 3, "column": 0 }, "end": { "line": 3, "column": 16 } },
      "3": { "start": { "line": 8, "column": 2 }, "end": { "line": 8, "column": 101 } },
      "4": { "start": { "line": 7, "column": 0 }, "end": { "line": 7, "column": 16 } },
      "5": { "start": { "line": 12, "column": 2 }, "end": { "line": 12, "column": 69 } },
      "6": { "start": { "line": 11, "column": 0 }, "end": { "line": 11, "column": 16 } },
      "7": { "start": { "line": 16, "column": 2 }, "end": { "line": 16, "column": 75 } },
      "8": { "start": { "line": 16, "column": 35 }, "end": { "line": 16, "column": 75 } },
      "9": { "start": { "line": 17, "column": 2 }, "end": { "line": 17, "column": 21 } },
      "10": { "start": { "line": 15, "column": 0 }, "end": { "line": 15, "column": 16 } },
      "11": { "start": { "line": 21, "column": 2 }, "end": { "line": 21, "column": 47 } },
      "12": { "start": { "line": 20, "column": 0 }, "end": { "line": 20, "column": 16 } },
      "13": { "start": { "line": 25, "column": 2 }, "end": { "line": 25, "column": 22 } },
      "14": { "start": { "line": 25, "column": 15 }, "end": { "line": 25, "column": 22 } },
      "15": { "start": { "line": 26, "column": 13 }, "end": { "line": 28, "column": 14 } },
      "16": { "start": { "line": 27, "column": 18 }, "end": { "line": 27, "column": 98 } },
      "17": { "start": { "line": 29, "column": 2 }, "end": { "line": 29, "column": 24 } },
      "18": { "start": { "line": 24, "column": 0 }, "end": { "line": 24, "column": 16 } },
      "19": { "start": { "line": 33, "column": 2 }, "end": { "line": 43, "column": 5 } },
      "20": { "start": { "line": 34, "column": 4 }, "end": { "line": 41, "column": null } },
      "21": { "start": { "line": 35, "column": 20 }, "end": { "line": 40, "column": 13 } },
      "22": { "start": { "line": 36, "column": 8 }, "end": { "line": 39, "column": null } },
      "23": { "start": { "line": 37, "column": 10 }, "end": { "line": 37, "column": 24 } },
      "24": { "start": { "line": 38, "column": 10 }, "end": { "line": 38, "column": 30 } },
      "25": { "start": { "line": 42, "column": 4 }, "end": { "line": 42, "column": 18 } },
      "26": { "start": { "line": 32, "column": 0 }, "end": { "line": 32, "column": 22 } }
    },
    "fnMap": {
      "0": {
        "name": "isAbsoluteUrl",
        "decl": { "start": { "line": 3, "column": 16 }, "end": { "line": 3, "column": 29 } },
        "loc": { "start": { "line": 3, "column": 41 }, "end": { "line": 5, "column": 1 } }
      },
      "1": {
        "name": "combineUrl",
        "decl": { "start": { "line": 7, "column": 16 }, "end": { "line": 7, "column": 26 } },
        "loc": { "start": { "line": 7, "column": 63 }, "end": { "line": 9, "column": 1 } }
      },
      "2": {
        "name": "combinePath",
        "decl": { "start": { "line": 11, "column": 16 }, "end": { "line": 11, "column": 27 } },
        "loc": { "start": { "line": 11, "column": 58 }, "end": { "line": 13, "column": 1 } }
      },
      "3": {
        "name": "buildUrl",
        "decl": { "start": { "line": 15, "column": 16 }, "end": { "line": 15, "column": 24 } },
        "loc": { "start": { "line": 15, "column": 61 }, "end": { "line": 18, "column": 1 } }
      },
      "4": {
        "name": "compilePath",
        "decl": { "start": { "line": 20, "column": 16 }, "end": { "line": 20, "column": 27 } },
        "loc": { "start": { "line": 20, "column": 57 }, "end": { "line": 22, "column": 1 } }
      },
      "5": {
        "name": "objectToQueryString",
        "decl": { "start": { "line": 24, "column": 16 }, "end": { "line": 24, "column": 35 } },
        "loc": { "start": { "line": 24, "column": 64 }, "end": { "line": 30, "column": 1 } }
      },
      "6": {
        "name": "(anonymous_19)",
        "decl": { "start": { "line": 27, "column": 9 }, "end": { "line": 27, "column": 10 } },
        "loc": { "start": { "line": 27, "column": 13 }, "end": { "line": 27, "column": 20 } }
      },
      "7": {
        "name": "waitDone",
        "decl": { "start": { "line": 32, "column": 22 }, "end": { "line": 32, "column": 30 } },
        "loc": { "start": { "line": 32, "column": 69 }, "end": { "line": 44, "column": null } }
      },
      "8": {
        "name": "(anonymous_23)",
        "decl": { "start": { "line": 33, "column": 30 }, "end": { "line": 33, "column": 31 } },
        "loc": { "start": { "line": 33, "column": 38 }, "end": { "line": 43, "column": 3 } }
      },
      "9": {
        "name": "(anonymous_24)",
        "decl": { "start": { "line": 35, "column": 31 }, "end": { "line": 35, "column": null } },
        "loc": { "start": { "line": 35, "column": 31 }, "end": { "line": 40, "column": 7 } }
      }
    },
    "branchMap": {
      "0": {
        "loc": { "start": { "line": 8, "column": 23 }, "end": { "line": 8, "column": 90 } },
        "type": "cond-expr",
        "locations": [
          { "start": { "line": 8, "column": 23 }, "end": { "line": 8, "column": 90 } },
          { "start": { "line": 8, "column": 93 }, "end": { "line": 8, "column": 100 } }
        ]
      },
      "1": {
        "loc": { "start": { "line": 12, "column": 35 }, "end": { "line": 12, "column": 39 } },
        "type": "cond-expr",
        "locations": [
          { "start": { "line": 12, "column": 35 }, "end": { "line": 12, "column": 39 } },
          { "start": { "line": 12, "column": 42 }, "end": { "line": 12, "column": 68 } }
        ]
      },
      "2": {
        "loc": { "start": { "line": 16, "column": 2 }, "end": { "line": 16, "column": 75 } },
        "type": "if",
        "locations": [
          { "start": { "line": 16, "column": 2 }, "end": { "line": 16, "column": 75 } },
          { "start": { "line": 16, "column": 2 }, "end": { "line": 16, "column": 75 } }
        ]
      },
      "3": {
        "loc": { "start": { "line": 21, "column": 18 }, "end": { "line": 21, "column": 39 } },
        "type": "cond-expr",
        "locations": [
          { "start": { "line": 21, "column": 18 }, "end": { "line": 21, "column": 39 } },
          { "start": { "line": 21, "column": 42 }, "end": { "line": 21, "column": 46 } }
        ]
      },
      "4": {
        "loc": { "start": { "line": 25, "column": 2 }, "end": { "line": 25, "column": 22 } },
        "type": "if",
        "locations": [
          { "start": { "line": 25, "column": 2 }, "end": { "line": 25, "column": 22 } },
          { "start": { "line": 25, "column": 2 }, "end": { "line": 25, "column": 22 } }
        ]
      },
      "5": {
        "loc": { "start": { "line": 29, "column": 9 }, "end": { "line": 29, "column": 11 } },
        "type": "binary-expr",
        "locations": [
          { "start": { "line": 29, "column": 9 }, "end": { "line": 29, "column": 11 } },
          { "start": { "line": 29, "column": 15 }, "end": { "line": 29, "column": 23 } }
        ]
      },
      "6": {
        "loc": { "start": { "line": 34, "column": 4 }, "end": { "line": 41, "column": null } },
        "type": "if",
        "locations": [
          { "start": { "line": 34, "column": 4 }, "end": { "line": 41, "column": null } },
          { "start": { "line": 34, "column": 4 }, "end": { "line": 41, "column": null } }
        ]
      },
      "7": {
        "loc": { "start": { "line": 36, "column": 8 }, "end": { "line": 39, "column": null } },
        "type": "if",
        "locations": [
          { "start": { "line": 36, "column": 8 }, "end": { "line": 39, "column": null } },
          { "start": { "line": 36, "column": 8 }, "end": { "line": 39, "column": null } }
        ]
      }
    },
    "s": {
      "0": 1,
      "1": 2,
      "2": 1,
      "3": 2,
      "4": 1,
      "5": 1,
      "6": 1,
      "7": 2,
      "8": 2,
      "9": 0,
      "10": 1,
      "11": 2,
      "12": 1,
      "13": 1,
      "14": 0,
      "15": 1,
      "16": 0,
      "17": 1,
      "18": 1,
      "19": 0,
      "20": 0,
      "21": 0,
      "22": 0,
      "23": 0,
      "24": 0,
      "25": 0,
      "26": 1
    },
    "f": { "0": 2, "1": 2, "2": 1, "3": 2, "4": 2, "5": 1, "6": 0, "7": 0, "8": 0, "9": 0 },
    "b": { "0": [2, 0], "1": [1, 0], "2": [2, 0], "3": [2, 0], "4": [0, 1], "5": [1, 0], "6": [0, 0], "7": [0, 0] }
  }
}
