TN:
SF:src/index.ts
FNF:0
FNH:0
DA:1,1
DA:2,1
DA:3,1
DA:4,1
DA:5,1
DA:6,1
DA:7,1
DA:8,1
LF:8
LH:8
BRF:0
BRH:0
end_of_record
TN:
SF:src/context/request-context.ts
FN:22,(anonymous_0)
FN:91,RequestContext
FN:72,(anonymous_2)
FN:77,(anonymous_3)
FN:82,(anonymous_4)
FN:87,(anonymous_5)
FN:127,(anonymous_6)
FN:133,(anonymous_7)
FN:139,(anonymous_8)
FN:145,(anonymous_9)
FN:151,(anonymous_10)
FN:157,(anonymous_11)
FN:163,(anonymous_12)
FN:169,(anonymous_13)
FN:175,(anonymous_14)
FN:181,(anonymous_15)
FN:187,(anonymous_16)
FN:193,(anonymous_17)
FN:199,(anonymous_18)
FN:205,(anonymous_19)
FN:211,(anonymous_20)
FN:216,(anonymous_21)
FNF:22
FNH:21
FNDA:1,(anonymous_0)
FNDA:3,RequestContext
FNDA:2,(anonymous_2)
FNDA:2,(anonymous_3)
FNDA:1,(anonymous_4)
FNDA:1,(anonymous_5)
FNDA:1,(anonymous_6)
FNDA:1,(anonymous_7)
FNDA:1,(anonymous_8)
FNDA:1,(anonymous_9)
FNDA:1,(anonymous_10)
FNDA:1,(anonymous_11)
FNDA:1,(anonymous_12)
FNDA:1,(anonymous_13)
FNDA:1,(anonymous_14)
FNDA:1,(anonymous_15)
FNDA:1,(anonymous_16)
FNDA:1,(anonymous_17)
FNDA:1,(anonymous_18)
FNDA:1,(anonymous_19)
FNDA:0,(anonymous_20)
FNDA:1,(anonymous_21)
DA:1,1
DA:22,1
DA:30,3
DA:72,1
DA:73,2
DA:77,1
DA:78,2
DA:82,1
DA:83,1
DA:87,1
DA:88,1
DA:110,3
DA:111,3
DA:112,3
DA:113,3
DA:114,3
DA:115,3
DA:116,3
DA:117,3
DA:118,3
DA:119,3
DA:120,3
DA:121,3
DA:122,3
DA:123,3
DA:127,1
DA:128,1
DA:129,1
DA:133,1
DA:134,1
DA:135,1
DA:139,1
DA:140,1
DA:141,1
DA:145,1
DA:146,1
DA:147,1
DA:151,1
DA:152,1
DA:153,1
DA:157,1
DA:158,1
DA:159,1
DA:163,1
DA:164,1
DA:165,1
DA:169,1
DA:170,1
DA:171,1
DA:175,1
DA:176,1
DA:177,1
DA:181,1
DA:182,1
DA:183,1
DA:187,1
DA:188,1
DA:189,1
DA:193,1
DA:194,1
DA:195,1
DA:199,1
DA:200,1
DA:201,1
DA:205,1
DA:206,1
DA:207,1
DA:211,1
DA:212,0
DA:216,1
DA:217,1
DA:233,1
LF:72
LH:71
BRDA:110,0,0,2
BRDA:110,0,1,1
BRDA:110,1,0,3
BRDA:110,1,1,3
BRDA:111,2,0,2
BRDA:111,2,1,1
BRDA:111,3,0,3
BRDA:111,3,1,3
BRDA:112,4,0,1
BRDA:112,4,1,2
BRDA:112,5,0,3
BRDA:112,5,1,3
BRDA:112,6,0,2
BRDA:112,6,1,1
BRDA:112,7,0,3
BRDA:112,7,1,3
BRDA:113,8,0,2
BRDA:113,8,1,1
BRDA:113,9,0,3
BRDA:113,9,1,3
BRDA:114,10,0,2
BRDA:114,10,1,1
BRDA:114,11,0,3
BRDA:114,11,1,3
BRDA:115,12,0,2
BRDA:115,12,1,1
BRDA:115,13,0,3
BRDA:115,13,1,3
BRDA:116,14,0,2
BRDA:116,14,1,1
BRDA:116,15,0,3
BRDA:116,15,1,3
BRDA:117,16,0,2
BRDA:117,16,1,1
BRDA:117,17,0,3
BRDA:117,17,1,3
BRDA:118,18,0,2
BRDA:118,18,1,1
BRDA:118,19,0,3
BRDA:118,19,1,3
BRDA:119,20,0,2
BRDA:119,20,1,1
BRDA:119,21,0,3
BRDA:119,21,1,3
BRDA:120,22,0,2
BRDA:120,22,1,1
BRDA:120,23,0,3
BRDA:120,23,1,3
BRDA:121,24,0,2
BRDA:121,24,1,1
BRDA:121,25,0,3
BRDA:121,25,1,3
BRDA:122,26,0,2
BRDA:122,26,1,1
BRDA:122,27,0,3
BRDA:122,27,1,3
BRDA:123,28,0,2
BRDA:123,28,1,1
BRDA:123,29,0,3
BRDA:123,29,1,3
BRDA:73,30,0,2
BRDA:73,30,1,0
BRDA:73,31,0,2
BRDA:73,31,1,2
BRDA:78,32,0,2
BRDA:78,32,1,0
BRDA:78,33,0,2
BRDA:78,33,1,2
BRDA:218,34,0,1
BRDA:218,34,1,0
BRDA:218,35,0,1
BRDA:218,35,1,1
BRDA:219,36,0,0
BRDA:219,36,1,1
BRDA:219,37,0,1
BRDA:219,37,1,1
BRDA:219,38,0,1
BRDA:219,38,1,0
BRDA:219,39,0,1
BRDA:219,39,1,1
BRDA:220,40,0,1
BRDA:220,40,1,0
BRDA:220,41,0,1
BRDA:220,41,1,1
BRDA:222,42,0,0
BRDA:222,42,1,1
BRDA:222,43,0,1
BRDA:222,43,1,1
BRDA:226,44,0,0
BRDA:226,44,1,1
BRDA:226,45,0,1
BRDA:226,45,1,1
BRDA:227,46,0,0
BRDA:227,46,1,1
BRDA:227,47,0,1
BRDA:227,47,1,1
BRDA:228,48,0,0
BRDA:228,48,1,1
BRDA:228,49,0,1
BRDA:228,49,1,1
BRDA:229,50,0,0
BRDA:229,50,1,1
BRDA:229,51,0,1
BRDA:229,51,1,1
BRDA:230,52,0,0
BRDA:230,52,1,1
BRDA:230,53,0,1
BRDA:230,53,1,1
BRDA:231,54,0,0
BRDA:231,54,1,1
BRDA:231,55,0,1
BRDA:231,55,1,1
BRF:112
BRH:99
end_of_record
TN:
SF:src/context/response-context.ts
FN:5,(anonymous_1)
FN:24,ResponseContext
FN:30,(anonymous_3)
FN:45,(anonymous_4)
FNF:4
FNH:3
FNDA:1,(anonymous_1)
FNDA:1,ResponseContext
FNDA:0,(anonymous_3)
FNDA:1,(anonymous_4)
DA:1,1
DA:2,1
DA:5,1
DA:25,1
DA:26,1
DA:30,1
DA:31,0
DA:32,0
DA:33,0
DA:34,0
DA:35,0
DA:36,0
DA:38,0
DA:45,1
DA:46,1
DA:47,0
DA:48,0
DA:50,1
DA:52,1
LF:19
LH:10
BRDA:31,0,0,0
BRDA:31,0,1,0
BRDA:46,1,0,0
BRDA:46,1,1,1
BRF:4
BRH:1
end_of_record
TN:
SF:src/engine/index.ts
FN:3,(anonymous_0)
FN:11,EngineAbortPromise
FN:20,(anonymous_2)
FNF:3
FNH:3
FNDA:1,(anonymous_0)
FNDA:1,EngineAbortPromise
FNDA:2,(anonymous_2)
DA:3,1
DA:12,1
DA:13,1
DA:14,1
DA:15,1
DA:16,1
DA:18,1
DA:20,1
DA:27,1
LF:9
LH:9
BRF:0
BRH:0
end_of_record
TN:
SF:src/engine/impl/axios-engine.ts
FN:5,(anonymous_22)
FN:6,(anonymous_24)
FN:9,(anonymous_25)
FN:25,(anonymous_26)
FNF:4
FNH:4
FNDA:2,(anonymous_22)
FNDA:1,(anonymous_24)
FNDA:1,(anonymous_25)
FNDA:1,(anonymous_26)
DA:1,1
DA:2,1
DA:5,1
DA:6,1
DA:7,1
DA:9,1
DA:10,1
DA:25,1
DA:26,1
DA:27,1
DA:29,1
LF:11
LH:11
BRDA:14,0,0,0
BRDA:14,0,1,1
BRDA:26,1,0,1
BRDA:26,1,1,1
BRF:4
BRH:3
end_of_record
TN:
SF:src/engine/impl/fetch-engine.ts
FN:4,(anonymous_21)
FN:5,(anonymous_23)
FN:8,(anonymous_24)
FN:23,(anonymous_25)
FNF:4
FNH:1
FNDA:1,(anonymous_21)
FNDA:0,(anonymous_23)
FNDA:0,(anonymous_24)
FNDA:0,(anonymous_25)
DA:1,1
DA:4,1
DA:5,1
DA:6,0
DA:8,0
DA:9,0
DA:23,1
DA:24,0
DA:25,0
DA:27,1
LF:10
LH:5
BRDA:13,0,0,0
BRDA:13,0,1,0
BRDA:13,1,0,0
BRDA:13,1,1,0
BRDA:13,2,0,0
BRDA:13,2,1,0
BRDA:14,3,0,0
BRDA:14,3,1,0
BRDA:14,4,0,0
BRDA:14,4,1,0
BRDA:14,5,0,0
BRDA:14,5,1,0
BRDA:14,6,0,0
BRDA:14,6,1,0
BRDA:24,7,0,0
BRF:15
BRH:0
end_of_record
TN:
SF:src/engine/impl/wxmp-engine.ts
FN:13,(anonymous_21)
FN:14,(anonymous_23)
FN:15,(anonymous_24)
FN:17,(anonymous_25)
FN:34,(anonymous_26)
FNF:5
FNH:1
FNDA:1,(anonymous_21)
FNDA:0,(anonymous_23)
FNDA:0,(anonymous_24)
FNDA:0,(anonymous_25)
FNDA:0,(anonymous_26)
DA:1,1
DA:13,1
DA:14,1
DA:15,0
DA:17,0
DA:18,0
DA:20,0
DA:30,0
DA:34,1
DA:35,0
DA:36,0
DA:38,1
LF:12
LH:5
BRDA:18,0,0,0
BRDA:18,0,1,0
BRDA:35,1,0,0
BRDA:35,1,1,0
BRF:4
BRH:0
end_of_record
TN:
SF:src/error/request-error.ts
FN:3,(anonymous_6)
FN:15,RequestError
FNF:2
FNH:1
FNDA:1,(anonymous_6)
FNDA:0,RequestError
DA:3,1
DA:22,0
DA:23,0
DA:24,0
DA:25,0
DA:26,0
DA:27,0
DA:29,1
LF:8
LH:2
BRDA:22,0,0,0
BRDA:22,0,1,0
BRF:2
BRH:0
end_of_record
TN:
SF:src/requestor/index.ts
FN:8,(anonymous_13)
FN:24,Requestor
FN:32,(anonymous_15)
FN:62,(anonymous_18)
FN:92,(anonymous_19)
FNF:5
FNH:3
FNDA:1,(anonymous_13)
FNDA:1,Requestor
FNDA:1,(anonymous_15)
FNDA:0,(anonymous_18)
FNDA:0,(anonymous_19)
DA:1,1
DA:2,1
DA:3,1
DA:4,1
DA:5,1
DA:8,1
DA:19,1
DA:22,1
DA:25,1
DA:26,1
DA:28,1
DA:32,1
DA:41,1
DA:43,1
DA:44,2
DA:46,2
DA:47,0
DA:49,1
DA:50,1
DA:51,0
DA:52,0
DA:53,0
DA:55,1
DA:58,2
DA:59,0
DA:60,0
DA:61,2
DA:62,0
DA:65,1
DA:66,1
DA:68,1
DA:69,1
DA:71,1
DA:72,1
DA:73,1
DA:74,1
DA:75,1
DA:76,1
DA:79,2
DA:81,1
DA:83,1
DA:85,0
DA:87,0
DA:92,1
DA:93,0
DA:94,0
DA:95,0
DA:97,0
DA:99,1
LF:49
LH:36
BRDA:28,0,0,0
BRDA:28,0,1,1
BRDA:44,1,0,1
BRDA:44,1,1,0
BRDA:46,2,0,1
BRDA:46,2,1,0
BRDA:50,3,0,0
BRDA:50,3,1,1
BRDA:58,4,0,1
BRDA:58,4,1,0
BRDA:60,5,0,0
BRDA:60,5,1,0
BRDA:61,6,0,1
BRDA:61,6,1,0
BRDA:79,7,0,1
BRDA:79,7,1,0
BRDA:81,8,0,1
BRDA:81,8,1,0
BRDA:85,9,0,0
BRDA:85,9,1,0
BRDA:87,10,0,0
BRDA:87,10,1,0
BRDA:87,11,0,0
BRDA:87,11,1,0
BRDA:87,12,0,0
BRDA:87,12,1,0
BRDA:87,13,0,0
BRDA:87,13,1,0
BRDA:93,14,0,0
BRDA:93,14,1,0
BRDA:93,15,0,0
BRDA:93,15,1,0
BRF:32
BRH:8
end_of_record
TN:
SF:src/utils/index.ts
FN:3,isAbsoluteUrl
FN:7,combineUrl
FN:11,combinePath
FN:15,buildUrl
FN:20,compilePath
FN:24,objectToQueryString
FN:27,(anonymous_19)
FN:32,waitDone
FN:33,(anonymous_23)
FN:35,(anonymous_24)
FNF:10
FNH:6
FNDA:2,isAbsoluteUrl
FNDA:2,combineUrl
FNDA:1,combinePath
FNDA:2,buildUrl
FNDA:2,compilePath
FNDA:1,objectToQueryString
FNDA:0,(anonymous_19)
FNDA:0,waitDone
FNDA:0,(anonymous_23)
FNDA:0,(anonymous_24)
DA:1,1
DA:3,1
DA:4,2
DA:7,1
DA:8,2
DA:11,1
DA:12,1
DA:15,1
DA:16,2
DA:17,0
DA:20,1
DA:21,2
DA:24,1
DA:25,1
DA:26,1
DA:27,0
DA:29,1
DA:32,1
DA:33,0
DA:34,0
DA:35,0
DA:36,0
DA:37,0
DA:38,0
DA:42,0
LF:25
LH:16
BRDA:8,0,0,2
BRDA:8,0,1,0
BRDA:12,1,0,1
BRDA:12,1,1,0
BRDA:16,2,0,2
BRDA:16,2,1,0
BRDA:21,3,0,2
BRDA:21,3,1,0
BRDA:25,4,0,0
BRDA:25,4,1,1
BRDA:29,5,0,1
BRDA:29,5,1,0
BRDA:34,6,0,0
BRDA:34,6,1,0
BRDA:36,7,0,0
BRDA:36,7,1,0
BRF:16
BRH:6
end_of_record
